This file contains any messages produced by compilers while
running configure, to aid debugging if configure makes a mistake.

It was created by configure, which was
generated by GNU Autoconf 2.64.  Invocation command line was

  $ ../../../sim/common/configure --disable-option-checking --prefix=/usr/local/pspdev --disable-werror --disable-nls --with-system-zlib --with-system-readline --program-transform-name=s&^&psp-& --build=x86_64-unknown-linux-gnu --host=x86_64-unknown-linux-gnu --target=psp build_alias=x86_64-unknown-linux-gnu host_alias=x86_64-unknown-linux-gnu target_alias=psp CC=gcc CFLAGS=-g -O2 LDFLAGS=  --cache-file=.././config.cache --srcdir=../../../sim/common

## --------- ##
## Platform. ##
## --------- ##

hostname = Tim-Arch
uname -m = x86_64
uname -r = 5.12.8-arch1-1
uname -s = Linux
uname -v = #1 SMP PREEMPT Fri, 28 May 2021 15:10:20 +0000

/usr/bin/uname -p = unknown
/bin/uname -X     = unknown

/bin/arch              = unknown
/usr/bin/arch -k       = unknown
/usr/convex/getsysinfo = unknown
/usr/bin/hostinfo      = unknown
/bin/machine           = unknown
/usr/bin/oslevel       = unknown
/bin/universe          = unknown

PATH: /usr/local/sbin
PATH: /usr/local/bin
PATH: /usr/bin
PATH: /usr/bin/site_perl
PATH: /usr/bin/vendor_perl
PATH: /usr/bin/core_perl
PATH: /usr/local/pspdev/bin
PATH: /usr/local/pspdev/bin


## ----------- ##
## Core tests. ##
## ----------- ##

configure:2186: loading cache .././config.cache
configure:2279: checking for x86_64-unknown-linux-gnu-gcc
configure:2306: result: gcc
configure:2575: checking for C compiler version
configure:2584: gcc --version >&5
gcc (GCC) 11.1.0
Copyright (C) 2021 Free Software Foundation, Inc.
This is free software; see the source for copying conditions.  There is NO
warranty; not even for MERCHANTABILITY or FITNESS FOR A PARTICULAR PURPOSE.

configure:2595: $? = 0
configure:2584: gcc -v >&5
Using built-in specs.
COLLECT_GCC=gcc
COLLECT_LTO_WRAPPER=/usr/lib/gcc/x86_64-pc-linux-gnu/11.1.0/lto-wrapper
Target: x86_64-pc-linux-gnu
Configured with: /build/gcc/src/gcc/configure --prefix=/usr --libdir=/usr/lib --libexecdir=/usr/lib --mandir=/usr/share/man --infodir=/usr/share/info --with-bugurl=https://bugs.archlinux.org/ --enable-languages=c,c++,ada,fortran,go,lto,objc,obj-c++,d --with-isl --with-linker-hash-style=gnu --with-system-zlib --enable-__cxa_atexit --enable-cet=auto --enable-checking=release --enable-clocale=gnu --enable-default-pie --enable-default-ssp --enable-gnu-indirect-function --enable-gnu-unique-object --enable-install-libiberty --enable-linker-build-id --enable-lto --enable-multilib --enable-plugin --enable-shared --enable-threads=posix --disable-libssp --disable-libstdcxx-pch --disable-libunwind-exceptions --disable-werror gdc_include_dir=/usr/include/dlang/gdc
Thread model: posix
Supported LTO compression algorithms: zlib zstd
gcc version 11.1.0 (GCC) 
configure:2595: $? = 0
configure:2584: gcc -V >&5
gcc: error: unrecognized command-line option '-V'
gcc: fatal error: no input files
compilation terminated.
configure:2595: $? = 1
configure:2584: gcc -qversion >&5
gcc: error: unrecognized command-line option '-qversion'; did you mean '--version'?
gcc: fatal error: no input files
compilation terminated.
configure:2595: $? = 1
configure:2615: checking for C compiler default output file name
configure:2637: gcc -g -O2    conftest.c  >&5
configure:2641: $? = 0
configure:2678: result: a.out
configure:2694: checking whether the C compiler works
configure:2703: ./a.out
configure:2707: $? = 0
configure:2722: result: yes
configure:2729: checking whether we are cross compiling
configure:2731: result: no
configure:2734: checking for suffix of executables
configure:2741: gcc -o conftest -g -O2    conftest.c  >&5
configure:2745: $? = 0
configure:2767: result: 
configure:2773: checking for suffix of object files
configure:2820: result: o
configure:2824: checking whether we are using the GNU C compiler
configure:2852: result: yes
configure:2861: checking whether gcc accepts -g
configure:2922: result: yes
configure:2939: checking for gcc option to accept ISO C89
configure:3016: result: none needed
configure:3063: checking build system type
configure:3077: result: x86_64-unknown-linux-gnu
configure:3097: checking host system type
configure:3110: result: x86_64-unknown-linux-gnu
configure:3130: checking target system type
configure:3143: result: mipsallegrexel-psp-elf
configure:3175: checking how to run the C preprocessor
configure:3245: result: gcc -E
configure:3265: gcc -E  conftest.c
configure:3265: $? = 0
configure:3279: gcc -E  conftest.c
conftest.c:9:10: fatal error: ac_nonexistent.h: No such file or directory
    9 | #include <ac_nonexistent.h>
      |          ^~~~~~~~~~~~~~~~~~
compilation terminated.
configure:3279: $? = 1
configure: failed program was:
| /* confdefs.h */
| #define PACKAGE_NAME ""
| #define PACKAGE_TARNAME ""
| #define PACKAGE_VERSION ""
| #define PACKAGE_STRING ""
| #define PACKAGE_BUGREPORT ""
| #define PACKAGE_URL ""
| /* end confdefs.h.  */
| #include <ac_nonexistent.h>
configure:3308: checking for grep that handles long lines and -e
configure:3366: result: /usr/bin/grep
configure:3371: checking for egrep
configure:3433: result: /usr/bin/grep -E
configure:3438: checking for ANSI C header files
configure:3542: result: yes
configure:3555: checking for sys/types.h
configure:3555: result: yes
configure:3555: checking for sys/stat.h
configure:3555: result: yes
configure:3555: checking for stdlib.h
configure:3555: result: yes
configure:3555: checking for string.h
configure:3555: result: yes
configure:3555: checking for memory.h
configure:3555: result: yes
configure:3555: checking for strings.h
configure:3555: result: yes
configure:3555: checking for inttypes.h
configure:3555: result: yes
configure:3555: checking for stdint.h
configure:3555: result: yes
configure:3555: checking for unistd.h
configure:3555: result: yes
configure:3569: checking for minix/config.h
configure:3569: result: no
configure:3590: checking whether it is safe to define __EXTENSIONS__
configure:3615: result: yes
configure:3653: checking for a BSD-compatible install
configure:3721: result: /usr/bin/install -c
configure:3768: checking for x86_64-unknown-linux-gnu-ranlib
configure:3795: result: ranlib
configure:3876: checking dependency style of gcc
configure:3961: result: gcc3
configure:3975: checking for make
configure:4002: result: make
configure:4042: checking whether NLS is requested
configure:4045: result: no
configure:4106: checking for stdlib.h
configure:4106: result: yes
configure:4106: checking for string.h
configure:4106: result: yes
configure:4106: checking for strings.h
configure:4106: result: yes
configure:4106: checking for unistd.h
configure:4106: result: yes
configure:4106: checking for time.h
configure:4106: result: yes
configure:4120: checking for sys/time.h
configure:4120: result: yes
configure:4120: checking for sys/resource.h
configure:4120: result: yes
configure:4134: checking for fcntl.h
configure:4134: result: yes
configure:4134: checking for fpu_control.h
configure:4134: result: yes
configure:4148: checking for dlfcn.h
configure:4148: result: yes
configure:4148: checking for errno.h
configure:4148: result: yes
configure:4148: checking for sys/stat.h
configure:4148: result: yes
configure:4162: checking for getrusage
configure:4162: result: yes
configure:4162: checking for time
configure:4162: result: yes
configure:4162: checking for sigaction
configure:4162: result: yes
configure:4162: checking for __setfpucw
configure:4162: result: no
configure:4174: checking for bind in -lsocket
configure:4208: result: no
configure:4219: checking for gethostbyname in -lnsl
configure:4253: result: yes
configure:4279: checking for library containing zlibVersion
configure:4327: result: -lz
configure:4334: checking for zlib.h
configure:4334: result: yes
configure:4547: checking return type of signal handlers
configure:4572: result: void
configure:4635: checking for stdlib.h
configure:4635: result: yes
configure:4635: checking for string.h
configure:4635: result: yes
configure:4635: checking for strings.h
configure:4635: result: yes
configure:4635: checking for time.h
configure:4635: result: yes
configure:4635: checking sys/times.h usability
configure:4635: gcc -c -g -O2  conftest.c >&5
configure:4635: $? = 0
configure:4635: result: yes
configure:4635: checking sys/times.h presence
configure:4635: gcc -E  conftest.c
configure:4635: $? = 0
configure:4635: result: yes
configure:4635: checking for sys/times.h
configure:4635: result: yes
configure:4635: checking for sys/stat.h
configure:4635: result: yes
configure:4635: checking sys/mman.h usability
configure:4635: gcc -c -g -O2  conftest.c >&5
configure:4635: $? = 0
configure:4635: result: yes
configure:4635: checking sys/mman.h presence
configure:4635: gcc -E  conftest.c
configure:4635: $? = 0
configure:4635: result: yes
configure:4635: checking for sys/mman.h
configure:4635: result: yes
configure:4649: checking for mmap
configure:4649: gcc -o conftest -g -O2    conftest.c -lz -lnsl  >&5
configure:4649: $? = 0
configure:4649: result: yes
configure:4649: checking for munmap
configure:4649: gcc -o conftest -g -O2    conftest.c -lz -lnsl  >&5
configure:4649: $? = 0
configure:4649: result: yes
configure:4649: checking for lstat
configure:4649: gcc -o conftest -g -O2    conftest.c -lz -lnsl  >&5
configure:4649: $? = 0
configure:4649: result: yes
configure:4649: checking for truncate
configure:4649: gcc -o conftest -g -O2    conftest.c -lz -lnsl  >&5
configure:4649: $? = 0
configure:4649: result: yes
configure:4649: checking for ftruncate
configure:4649: gcc -o conftest -g -O2    conftest.c -lz -lnsl  >&5
configure:4649: $? = 0
configure:4649: result: yes
configure:4649: checking for posix_fallocate
configure:4649: gcc -o conftest -g -O2    conftest.c -lz -lnsl  >&5
configure:4649: $? = 0
configure:4649: result: yes
configure:4659: checking for struct stat.st_dev
configure:4659: gcc -c -g -O2  conftest.c >&5
configure:4659: $? = 0
configure:4659: result: yes
configure:4674: checking for struct stat.st_ino
configure:4674: gcc -c -g -O2  conftest.c >&5
configure:4674: $? = 0
configure:4674: result: yes
configure:4689: checking for struct stat.st_mode
configure:4689: gcc -c -g -O2  conftest.c >&5
configure:4689: $? = 0
configure:4689: result: yes
configure:4704: checking for struct stat.st_nlink
configure:4704: gcc -c -g -O2  conftest.c >&5
configure:4704: $? = 0
configure:4704: result: yes
configure:4719: checking for struct stat.st_uid
configure:4719: gcc -c -g -O2  conftest.c >&5
configure:4719: $? = 0
configure:4719: result: yes
configure:4734: checking for struct stat.st_gid
configure:4734: gcc -c -g -O2  conftest.c >&5
configure:4734: $? = 0
configure:4734: result: yes
configure:4749: checking for struct stat.st_rdev
configure:4749: gcc -c -g -O2  conftest.c >&5
configure:4749: $? = 0
configure:4749: result: yes
configure:4764: checking for struct stat.st_size
configure:4764: gcc -c -g -O2  conftest.c >&5
configure:4764: $? = 0
configure:4764: result: yes
configure:4779: checking for struct stat.st_blksize
configure:4779: gcc -c -g -O2  conftest.c >&5
configure:4779: $? = 0
configure:4779: result: yes
configure:4794: checking for struct stat.st_blocks
configure:4794: gcc -c -g -O2  conftest.c >&5
configure:4794: $? = 0
configure:4794: result: yes
configure:4809: checking for struct stat.st_atime
configure:4809: gcc -c -g -O2  conftest.c >&5
configure:4809: $? = 0
configure:4809: result: yes
configure:4824: checking for struct stat.st_mtime
configure:4824: gcc -c -g -O2  conftest.c >&5
configure:4824: $? = 0
configure:4824: result: yes
configure:4839: checking for struct stat.st_ctime
configure:4839: gcc -c -g -O2  conftest.c >&5
configure:4839: $? = 0
configure:4839: result: yes
configure:4855: checking for socklen_t
configure:4855: gcc -c -g -O2  conftest.c >&5
configure:4855: $? = 0
configure:4855: gcc -c -g -O2  conftest.c >&5
conftest.c: In function 'main':
conftest.c:78:24: error: expected expression before ')' token
   78 | if (sizeof ((socklen_t)))
      |                        ^
configure:4855: $? = 1
configure: failed program was:
| /* confdefs.h */
| #define PACKAGE_NAME ""
| #define PACKAGE_TARNAME ""
| #define PACKAGE_VERSION ""
| #define PACKAGE_STRING ""
| #define PACKAGE_BUGREPORT ""
| #define PACKAGE_URL ""
| #define STDC_HEADERS 1
| #define HAVE_SYS_TYPES_H 1
| #define HAVE_SYS_STAT_H 1
| #define HAVE_STDLIB_H 1
| #define HAVE_STRING_H 1
| #define HAVE_MEMORY_H 1
| #define HAVE_STRINGS_H 1
| #define HAVE_INTTYPES_H 1
| #define HAVE_STDINT_H 1
| #define HAVE_UNISTD_H 1
| #define __EXTENSIONS__ 1
| #define _ALL_SOURCE 1
| #define _GNU_SOURCE 1
| #define _POSIX_PTHREAD_SEMANTICS 1
| #define _TANDEM_SOURCE 1
| #define PACKAGE "sim"
| #define HAVE_STDLIB_H 1
| #define HAVE_STRING_H 1
| #define HAVE_STRINGS_H 1
| #define HAVE_UNISTD_H 1
| #define HAVE_TIME_H 1
| #define HAVE_SYS_TIME_H 1
| #define HAVE_SYS_RESOURCE_H 1
| #define HAVE_FCNTL_H 1
| #define HAVE_FPU_CONTROL_H 1
| #define HAVE_DLFCN_H 1
| #define HAVE_ERRNO_H 1
| #define HAVE_SYS_STAT_H 1
| #define HAVE_GETRUSAGE 1
| #define HAVE_TIME 1
| #define HAVE_SIGACTION 1
| #define HAVE_LIBNSL 1
| #define HAVE_ZLIB_H 1
| #define PKGVERSION "(GDB) "
| #define REPORT_BUGS_TO "<http://www.gnu.org/software/gdb/bugs/>"
| #define RETSIGTYPE void
| #define HAVE_STDLIB_H 1
| #define HAVE_STRING_H 1
| #define HAVE_STRINGS_H 1
| #define HAVE_TIME_H 1
| #define HAVE_SYS_TIMES_H 1
| #define HAVE_SYS_STAT_H 1
| #define HAVE_SYS_MMAN_H 1
| #define HAVE_MMAP 1
| #define HAVE_MUNMAP 1
| #define HAVE_LSTAT 1
| #define HAVE_TRUNCATE 1
| #define HAVE_FTRUNCATE 1
| #define HAVE_POSIX_FALLOCATE 1
| #define HAVE_STRUCT_STAT_ST_DEV 1
| #define HAVE_STRUCT_STAT_ST_INO 1
| #define HAVE_STRUCT_STAT_ST_MODE 1
| #define HAVE_STRUCT_STAT_ST_NLINK 1
| #define HAVE_STRUCT_STAT_ST_UID 1
| #define HAVE_STRUCT_STAT_ST_GID 1
| #define HAVE_STRUCT_STAT_ST_RDEV 1
| #define HAVE_STRUCT_STAT_ST_SIZE 1
| #define HAVE_STRUCT_STAT_ST_BLKSIZE 1
| #define HAVE_STRUCT_STAT_ST_BLOCKS 1
| #define HAVE_STRUCT_STAT_ST_ATIME 1
| #define HAVE_STRUCT_STAT_ST_MTIME 1
| #define HAVE_STRUCT_STAT_ST_CTIME 1
| /* end confdefs.h.  */
| #include <sys/types.h>
| #include <sys/socket.h>
| 
| 
| int
| main ()
| {
| if (sizeof ((socklen_t)))
| 	    return 0;
|   ;
|   return 0;
| }
configure:4855: result: yes
configure:4930: updating cache .././config.cache
configure:4971: creating ./config.status

## ---------------------- ##
## Running config.status. ##
## ---------------------- ##

This file was extended by config.status, which was
generated by GNU Autoconf 2.64.  Invocation command line was

  CONFIG_FILES    = 
  CONFIG_HEADERS  = 
  CONFIG_LINKS    = 
  CONFIG_COMMANDS = 
  $ ./config.status 

on Tim-Arch

config.status:936: creating Makefile
config.status:936: creating cconfig.h
config.status:1109: executing depdir commands
config.status:1109: executing default commands

## ---------------- ##
## Cache variables. ##
## ---------------- ##

ac_cv_build=x86_64-unknown-linux-gnu
ac_cv_c_bigendian=no
ac_cv_c_compiler_gnu=yes
ac_cv_env_CC_set=set
ac_cv_env_CC_value=gcc
ac_cv_env_CFLAGS_set=set
ac_cv_env_CFLAGS_value='-g -O2'
ac_cv_env_CPPFLAGS_set=
ac_cv_env_CPPFLAGS_value=
ac_cv_env_CPP_set=
ac_cv_env_CPP_value=
ac_cv_env_LDFLAGS_set=set
ac_cv_env_LDFLAGS_value=' '
ac_cv_env_LIBS_set=
ac_cv_env_LIBS_value=
ac_cv_env_XMKMF_set=
ac_cv_env_XMKMF_value=
ac_cv_env_build_alias_set=set
ac_cv_env_build_alias_value=x86_64-unknown-linux-gnu
ac_cv_env_host_alias_set=set
ac_cv_env_host_alias_value=x86_64-unknown-linux-gnu
ac_cv_env_target_alias_set=set
ac_cv_env_target_alias_value=psp
ac_cv_func___setfpucw=no
ac_cv_func_aint=no
ac_cv_func_anint=no
ac_cv_func_ftruncate=yes
ac_cv_func_getrusage=yes
ac_cv_func_lstat=yes
ac_cv_func_mmap=yes
ac_cv_func_munmap=yes
ac_cv_func_posix_fallocate=yes
ac_cv_func_sigaction=yes
ac_cv_func_sqrt=yes
ac_cv_func_time=yes
ac_cv_func_truncate=yes
ac_cv_have_x='have_x=yes	ac_x_includes='\'''\''	ac_x_libraries='\'''\'''
ac_cv_header_dlfcn_h=yes
ac_cv_header_errno_h=yes
ac_cv_header_fcntl_h=yes
ac_cv_header_fpu_control_h=yes
ac_cv_header_inttypes_h=yes
ac_cv_header_memory_h=yes
ac_cv_header_minix_config_h=no
ac_cv_header_stdc=yes
ac_cv_header_stdint_h=yes
ac_cv_header_stdlib_h=yes
ac_cv_header_string_h=yes
ac_cv_header_strings_h=yes
ac_cv_header_sys_mman_h=yes
ac_cv_header_sys_resource_h=yes
ac_cv_header_sys_stat_h=yes
ac_cv_header_sys_time_h=yes
ac_cv_header_sys_times_h=yes
ac_cv_header_sys_types_h=yes
ac_cv_header_time_h=yes
ac_cv_header_unistd_h=yes
ac_cv_header_zlib_h=yes
ac_cv_host=x86_64-unknown-linux-gnu
ac_cv_lib_m_fabs=yes
ac_cv_lib_m_log2=yes
ac_cv_lib_nsl_gethostbyname=yes
ac_cv_lib_socket_bind=no
ac_cv_member_struct_stat_st_atime=yes
ac_cv_member_struct_stat_st_blksize=yes
ac_cv_member_struct_stat_st_blocks=yes
ac_cv_member_struct_stat_st_ctime=yes
ac_cv_member_struct_stat_st_dev=yes
ac_cv_member_struct_stat_st_gid=yes
ac_cv_member_struct_stat_st_ino=yes
ac_cv_member_struct_stat_st_mode=yes
ac_cv_member_struct_stat_st_mtime=yes
ac_cv_member_struct_stat_st_nlink=yes
ac_cv_member_struct_stat_st_rdev=yes
ac_cv_member_struct_stat_st_size=yes
ac_cv_member_struct_stat_st_uid=yes
ac_cv_objext=o
ac_cv_path_EGREP='/usr/bin/grep -E'
ac_cv_path_GREP=/usr/bin/grep
ac_cv_prog_AR=ar
ac_cv_prog_CC=gcc
ac_cv_prog_CPP='gcc -E'
ac_cv_prog_MAKE=make
ac_cv_prog_RANLIB=ranlib
ac_cv_prog_cc_c89=
ac_cv_prog_cc_g=yes
ac_cv_safe_to_define___extensions__=yes
ac_cv_search_zlibVersion=-lz
ac_cv_target=mipsallegrexel-psp-elf
ac_cv_type_signal=void
ac_cv_type_socklen_t=yes
am_cv_CC_dependencies_compiler_type=gcc3

## ----------------- ##
## Output variables. ##
## ----------------- ##

AR='ar'
CATALOGS=''
CATOBJEXT=''
CC='gcc'
CCDEPMODE='depmode=gcc3'
CC_FOR_BUILD='$(CC)'
CFLAGS='-g -O2'
CPP='gcc -E'
CPPFLAGS=''
CPP_FOR_TARGET='`   if test -f $${rootme}/../../gcc/Makefile ; then     if test -f $${rootme}/../../$(TARGET_SUBDIR)/newlib/Makefile ; then       echo $${rootme}/../../gcc/xgcc -B$${rootme}/../../gcc/ -idirafter $${rootme}/../../$(TARGET_SUBDIR)/newlib/targ-include -idirafter $(srcroot)/newlib/libc/include -nostdinc;     else       echo $${rootme}/../../gcc/xgcc -B$${rootme}/../../gcc/;     fi;   else     if test '\''$(host_canonical)'\'' = '\''$(target_canonical)'\'' ; then       echo $(CC);     else       t='\''$(program_transform_name)'\''; echo gcc | sed -e '\''s/x/x/'\'' $$t;     fi;   fi` -E'
DATADIRNAME=''
DEFS='-DHAVE_CONFIG_H'
DEPDIR='.deps'
ECHO_C=''
ECHO_N='-n'
ECHO_T=''
EGREP='/usr/bin/grep -E'
EXEEXT=''
GENCAT=''
GMAKE_FALSE='#'
GMAKE_TRUE=''
GMSGFMT='/usr/bin/msgfmt'
GREP='/usr/bin/grep'
HDEFINES=''
INCINTL=''
INSTALL_DATA='/usr/bin/install -c -m 644'
INSTALL_PROGRAM='/usr/bin/install -c'
INSTALL_SCRIPT='/usr/bin/install -c'
INSTOBJEXT=''
LDFLAGS=' '
LIBINTL=''
LIBINTL_DEP=''
LIBOBJS=''
LIBS='-lz -lnsl '
LTLIBOBJS=''
MAINT='#'
MAKE='make'
OBJEXT='o'
PACKAGE='sim'
PACKAGE_BUGREPORT=''
PACKAGE_NAME=''
PACKAGE_STRING=''
PACKAGE_TARNAME=''
PACKAGE_URL=''
PACKAGE_VERSION=''
PATH_SEPARATOR=':'
PKGVERSION='(GDB) '
POSUB=''
RANLIB='ranlib'
REPORT_BUGS_TEXI='@uref{http://www.gnu.org/software/gdb/bugs/}'
REPORT_BUGS_TO='<http://www.gnu.org/software/gdb/bugs/>'
SHELL='/bin/sh'
TARGET_SUBDIR='psp'
USE_NLS='no'
WARN_CFLAGS=''
WERROR_CFLAGS=''
XGETTEXT='/usr/bin/xgettext'
ac_ct_CC=''
am__leading_dot='.'
bindir='${exec_prefix}/bin'
build='x86_64-unknown-linux-gnu'
build_alias='x86_64-unknown-linux-gnu'
build_cpu='x86_64'
build_os='linux-gnu'
build_vendor='unknown'
datadir='${datarootdir}'
datarootdir='${prefix}/share'
docdir='${datarootdir}/doc/${PACKAGE}'
dvidir='${docdir}'
exec_prefix='${prefix}'
host='x86_64-unknown-linux-gnu'
host_alias='x86_64-unknown-linux-gnu'
host_cpu='x86_64'
host_os='linux-gnu'
host_vendor='unknown'
htmldir='${docdir}'
includedir='${prefix}/include'
infodir='${datarootdir}/info'
libdir='${exec_prefix}/lib'
libexecdir='${exec_prefix}/libexec'
localedir='${datarootdir}/locale'
localstatedir='${prefix}/var'
mandir='${datarootdir}/man'
oldincludedir='/usr/include'
pdfdir='${docdir}'
prefix='/usr/local/pspdev'
program_transform_name='s&^&psp-&'
psdir='${docdir}'
sbindir='${exec_prefix}/sbin'
sharedstatedir='${prefix}/com'
sim_alignment=''
sim_assert=''
sim_bitsize=''
sim_bswap=''
sim_cflags=''
sim_debug=''
sim_default_model=''
sim_endian=''
sim_environment=''
sim_float=''
sim_hostendian=''
sim_hw=''
sim_hw_cflags=''
sim_hw_objs=''
sim_inline=''
sim_packages=''
sim_profile='-DPROFILE=1 -DWITH_PROFILE=-1'
sim_regparm=''
sim_reserved_bits=''
sim_scache=''
sim_smp=''
sim_stdcall=''
sim_stdio=''
sim_trace=''
sim_xor_endian=''
sysconfdir='${prefix}/etc'
target='mipsallegrexel-psp-elf'
target_alias='psp'
target_cpu='mipsallegrexel'
target_os='elf'
target_vendor='psp'

## ----------- ##
## confdefs.h. ##
## ----------- ##

/* confdefs.h */
#define PACKAGE_NAME ""
#define PACKAGE_TARNAME ""
#define PACKAGE_VERSION ""
#define PACKAGE_STRING ""
#define PACKAGE_BUGREPORT ""
#define PACKAGE_URL ""
#define STDC_HEADERS 1
#define HAVE_SYS_TYPES_H 1
#define HAVE_SYS_STAT_H 1
#define HAVE_STDLIB_H 1
#define HAVE_STRING_H 1
#define HAVE_MEMORY_H 1
#define HAVE_STRINGS_H 1
#define HAVE_INTTYPES_H 1
#define HAVE_STDINT_H 1
#define HAVE_UNISTD_H 1
#define __EXTENSIONS__ 1
#define _ALL_SOURCE 1
#define _GNU_SOURCE 1
#define _POSIX_PTHREAD_SEMANTICS 1
#define _TANDEM_SOURCE 1
#define PACKAGE "sim"
#define HAVE_STDLIB_H 1
#define HAVE_STRING_H 1
#define HAVE_STRINGS_H 1
#define HAVE_UNISTD_H 1
#define HAVE_TIME_H 1
#define HAVE_SYS_TIME_H 1
#define HAVE_SYS_RESOURCE_H 1
#define HAVE_FCNTL_H 1
#define HAVE_FPU_CONTROL_H 1
#define HAVE_DLFCN_H 1
#define HAVE_ERRNO_H 1
#define HAVE_SYS_STAT_H 1
#define HAVE_GETRUSAGE 1
#define HAVE_TIME 1
#define HAVE_SIGACTION 1
#define HAVE_LIBNSL 1
#define HAVE_ZLIB_H 1
#define PKGVERSION "(GDB) "
#define REPORT_BUGS_TO "<http://www.gnu.org/software/gdb/bugs/>"
#define RETSIGTYPE void
#define HAVE_STDLIB_H 1
#define HAVE_STRING_H 1
#define HAVE_STRINGS_H 1
#define HAVE_TIME_H 1
#define HAVE_SYS_TIMES_H 1
#define HAVE_SYS_STAT_H 1
#define HAVE_SYS_MMAN_H 1
#define HAVE_MMAP 1
#define HAVE_MUNMAP 1
#define HAVE_LSTAT 1
#define HAVE_TRUNCATE 1
#define HAVE_FTRUNCATE 1
#define HAVE_POSIX_FALLOCATE 1
#define HAVE_STRUCT_STAT_ST_DEV 1
#define HAVE_STRUCT_STAT_ST_INO 1
#define HAVE_STRUCT_STAT_ST_MODE 1
#define HAVE_STRUCT_STAT_ST_NLINK 1
#define HAVE_STRUCT_STAT_ST_UID 1
#define HAVE_STRUCT_STAT_ST_GID 1
#define HAVE_STRUCT_STAT_ST_RDEV 1
#define HAVE_STRUCT_STAT_ST_SIZE 1
#define HAVE_STRUCT_STAT_ST_BLKSIZE 1
#define HAVE_STRUCT_STAT_ST_BLOCKS 1
#define HAVE_STRUCT_STAT_ST_ATIME 1
#define HAVE_STRUCT_STAT_ST_MTIME 1
#define HAVE_STRUCT_STAT_ST_CTIME 1
#define HAVE_SOCKLEN_T 1

configure: exit 0
