This file contains any messages produced by compilers while
running configure, to aid debugging if configure makes a mistake.

It was created by newlib configure 1.20.0, which was
generated by GNU Autoconf 2.68.  Invocation command line was

  $ /home/tim/psptoolchain/build/newlib/newlib/configure --cache-file=./config.cache --with-newlib --enable-multilib --with-cross-host=x86_64-unknown-linux-gnu --prefix=/usr/local/pspdev --enable-newlib-iconv --enable-newlib-multithread --enable-newlib-mb --program-transform-name=s&^&psp-& --disable-option-checking --with-target-subdir=psp --build=x86_64-unknown-linux-gnu --host=psp --target=psp --srcdir=../../../newlib

## --------- ##
## Platform. ##
## --------- ##

hostname = Tim-Arch
uname -m = x86_64
uname -r = 5.12.8-arch1-1
uname -s = Linux
uname -v = #1 SMP PREEMPT Fri, 28 May 2021 15:10:20 +0000

/usr/bin/uname -p = unknown
/bin/uname -X     = unknown

/bin/arch              = unknown
/usr/bin/arch -k       = unknown
/usr/convex/getsysinfo = unknown
/usr/bin/hostinfo      = unknown
/bin/machine           = unknown
/usr/bin/oslevel       = unknown
/bin/universe          = unknown

PATH: /usr/local/sbin
PATH: /usr/local/bin
PATH: /usr/bin
PATH: /usr/bin/site_perl
PATH: /usr/bin/vendor_perl
PATH: /usr/bin/core_perl
PATH: /usr/local/pspdev/bin
PATH: /usr/local/pspdev/bin


## ----------- ##
## Core tests. ##
## ----------- ##

configure:2112: creating cache ./config.cache
configure:2360: checking build system type
configure:2374: result: x86_64-unknown-linux-gnu
configure:2394: checking host system type
configure:2407: result: mipsallegrexel-psp-elf
configure:2443: checking for a BSD-compatible install
configure:2511: result: /usr/bin/install -c
configure:2522: checking whether build environment is sane
configure:2572: result: yes
configure:2621: checking for psp-strip
configure:2648: result: psp-strip
configure:2713: checking for a thread-safe mkdir -p
configure:2752: result: /usr/bin/mkdir -p
configure:2765: checking for gawk
configure:2792: result: gawk
configure:2803: checking whether make sets $(MAKE)
configure:2825: result: yes
configure:2855: checking for style of include used by make
configure:2883: result: GNU
configure:3092: checking for gcc
configure:3119: result: psp-gcc -B/home/tim/psptoolchain/build/newlib/build-psp/psp/newlib/ -isystem /home/tim/psptoolchain/build/newlib/build-psp/psp/newlib/targ-include -isystem /home/tim/psptoolchain/build/newlib/newlib/libc/include   
configure:3130: checking dependency style of psp-gcc -B/home/tim/psptoolchain/build/newlib/build-psp/psp/newlib/ -isystem /home/tim/psptoolchain/build/newlib/build-psp/psp/newlib/targ-include -isystem /home/tim/psptoolchain/build/newlib/newlib/libc/include   
configure:3240: result: gcc3
configure:3313: checking whether we are using GNU C
configure:3324: psp-gcc -B/home/tim/psptoolchain/build/newlib/build-psp/psp/newlib/ -isystem /home/tim/psptoolchain/build/newlib/build-psp/psp/newlib/targ-include -isystem /home/tim/psptoolchain/build/newlib/newlib/libc/include    -E conftest.c
configure:3327: $? = 0
configure:3334: result: yes
configure:3343: checking whether psp-gcc -B/home/tim/psptoolchain/build/newlib/build-psp/psp/newlib/ -isystem /home/tim/psptoolchain/build/newlib/build-psp/psp/newlib/targ-include -isystem /home/tim/psptoolchain/build/newlib/newlib/libc/include    accepts -g
configure:3363: psp-gcc -B/home/tim/psptoolchain/build/newlib/build-psp/psp/newlib/ -isystem /home/tim/psptoolchain/build/newlib/build-psp/psp/newlib/targ-include -isystem /home/tim/psptoolchain/build/newlib/newlib/libc/include    -c -g  conftest.c >&5
configure:3363: $? = 0
configure: failed program was:
| /* confdefs.h */
| #define PACKAGE_NAME "newlib"
| #define PACKAGE_TARNAME "newlib"
| #define PACKAGE_VERSION "1.20.0"
| #define PACKAGE_STRING "newlib 1.20.0"
| #define PACKAGE_BUGREPORT ""
| #define PACKAGE_URL ""
| /* end confdefs.h.  */
| 
| int
| main ()
| {
| 
|   ;
|   return 0;
| }
configure:3378: psp-gcc -B/home/tim/psptoolchain/build/newlib/build-psp/psp/newlib/ -isystem /home/tim/psptoolchain/build/newlib/build-psp/psp/newlib/targ-include -isystem /home/tim/psptoolchain/build/newlib/newlib/libc/include    -c   conftest.c >&5
configure:3378: $? = 0
configure: failed program was:
| /* confdefs.h */
| #define PACKAGE_NAME "newlib"
| #define PACKAGE_TARNAME "newlib"
| #define PACKAGE_VERSION "1.20.0"
| #define PACKAGE_STRING "newlib 1.20.0"
| #define PACKAGE_BUGREPORT ""
| #define PACKAGE_URL ""
| /* end confdefs.h.  */
| 
| int
| main ()
| {
| 
|   ;
|   return 0;
| }
configure:3394: psp-gcc -B/home/tim/psptoolchain/build/newlib/build-psp/psp/newlib/ -isystem /home/tim/psptoolchain/build/newlib/build-psp/psp/newlib/targ-include -isystem /home/tim/psptoolchain/build/newlib/newlib/libc/include    -c -g  conftest.c >&5
configure:3394: $? = 0
configure: failed program was:
| /* confdefs.h */
| #define PACKAGE_NAME "newlib"
| #define PACKAGE_TARNAME "newlib"
| #define PACKAGE_VERSION "1.20.0"
| #define PACKAGE_STRING "newlib 1.20.0"
| #define PACKAGE_BUGREPORT ""
| #define PACKAGE_URL ""
| /* end confdefs.h.  */
| 
| int
| main ()
| {
| 
|   ;
|   return 0;
| }
configure:3404: result: no
configure:3437: checking for psp-as
configure:3464: result: psp-as
configure:3529: checking for psp-ar
configure:3556: result: psp-ar
configure:3621: checking for psp-ranlib
configure:3648: result: psp-ranlib
configure:3713: checking for psp-readelf
configure:3740: result: psp-readelf
configure:3809: checking whether to enable maintainer-specific portions of Makefiles
configure:3818: result: no
configure:3928: checking for a sed that does not truncate output
configure:3992: result: /usr/bin/sed
configure:4014: checking how to print strings
configure:4041: result: printf
configure:4066: checking for gawk
configure:4093: result: gawk
configure:12303: checking for .preinit_array/.init_array/.fini_array support
configure:12316: psp-gcc -B/home/tim/psptoolchain/build/newlib/build-psp/psp/newlib/ -isystem /home/tim/psptoolchain/build/newlib/build-psp/psp/newlib/targ-include -isystem /home/tim/psptoolchain/build/newlib/newlib/libc/include    -g -O2  -c -o conftest conftest.c
							1>&5
configure:12319: $? = 0
configure:12332: result: yes
configure:12342: checking whether long double type exists
configure:12362: psp-gcc -B/home/tim/psptoolchain/build/newlib/build-psp/psp/newlib/ -isystem /home/tim/psptoolchain/build/newlib/build-psp/psp/newlib/targ-include -isystem /home/tim/psptoolchain/build/newlib/newlib/libc/include    -g -O2  -c -o conftest.o conftest.c
							1>&5
configure:12365: $? = 0
configure:12374: result: yes
configure:12391: checking whether long double equals double
configure:12407: psp-gcc -B/home/tim/psptoolchain/build/newlib/build-psp/psp/newlib/ -isystem /home/tim/psptoolchain/build/newlib/build-psp/psp/newlib/targ-include -isystem /home/tim/psptoolchain/build/newlib/newlib/libc/include    -g -O2  -c -o conftest.o conftest.c
							1>&5
configure:12410: $? = 0
configure:12419: result: yes
configure:12489: updating cache ./config.cache
configure:12602: creating ./config.status

## ---------------------- ##
## Running config.status. ##
## ---------------------- ##

This file was extended by newlib config.status 1.20.0, which was
generated by GNU Autoconf 2.68.  Invocation command line was

  CONFIG_FILES    = 
  CONFIG_HEADERS  = 
  CONFIG_LINKS    = 
  CONFIG_COMMANDS = 
  $ ./config.status 

on Tim-Arch

config.status:1136: creating Makefile
config.status:1136: creating newlib.h
config.status:1350: executing depfiles commands
configure:14921: === configuring in libc (/home/tim/psptoolchain/build/newlib/build-psp/psp/newlib/libc)
configure:14984: running /bin/sh ../../../../newlib/libc/configure --disable-option-checking '--prefix=/usr/local/pspdev'  '--with-newlib' '--enable-multilib' '--with-cross-host=x86_64-unknown-linux-gnu' '--enable-newlib-iconv' '--enable-newlib-multithread' '--enable-newlib-mb' '--program-transform-name=s&^&psp-&' '--with-target-subdir=psp' '--build=x86_64-unknown-linux-gnu' '--host=psp' '--target=psp' 'build_alias=x86_64-unknown-linux-gnu' 'host_alias=psp' 'target_alias=psp' 'CC=psp-gcc -B/home/tim/psptoolchain/build/newlib/build-psp/psp/newlib/ -isystem /home/tim/psptoolchain/build/newlib/build-psp/psp/newlib/targ-include -isystem /home/tim/psptoolchain/build/newlib/newlib/libc/include   ' 'CFLAGS=-g -O2' 'LDFLAGS=' 'CPPFLAGS=' --cache-file=.././config.cache --srcdir=../../../../newlib/libc
configure:14921: === configuring in libm (/home/tim/psptoolchain/build/newlib/build-psp/psp/newlib/libm)
configure:14984: running /bin/sh ../../../../newlib/libm/configure --disable-option-checking '--prefix=/usr/local/pspdev'  '--with-newlib' '--enable-multilib' '--with-cross-host=x86_64-unknown-linux-gnu' '--enable-newlib-iconv' '--enable-newlib-multithread' '--enable-newlib-mb' '--program-transform-name=s&^&psp-&' '--with-target-subdir=psp' '--build=x86_64-unknown-linux-gnu' '--host=psp' '--target=psp' 'build_alias=x86_64-unknown-linux-gnu' 'host_alias=psp' 'target_alias=psp' 'CC=psp-gcc -B/home/tim/psptoolchain/build/newlib/build-psp/psp/newlib/ -isystem /home/tim/psptoolchain/build/newlib/build-psp/psp/newlib/targ-include -isystem /home/tim/psptoolchain/build/newlib/newlib/libc/include   ' 'CFLAGS=-g -O2' 'LDFLAGS=' 'CPPFLAGS=' --cache-file=.././config.cache --srcdir=../../../../newlib/libm
configure:14921: === configuring in doc (/home/tim/psptoolchain/build/newlib/build-psp/psp/newlib/doc)
configure:14984: running /bin/sh ../../../../newlib/doc/configure --disable-option-checking '--prefix=/usr/local/pspdev'  '--with-newlib' '--enable-multilib' '--with-cross-host=x86_64-unknown-linux-gnu' '--enable-newlib-iconv' '--enable-newlib-multithread' '--enable-newlib-mb' '--program-transform-name=s&^&psp-&' '--with-target-subdir=psp' '--build=x86_64-unknown-linux-gnu' '--host=psp' '--target=psp' 'build_alias=x86_64-unknown-linux-gnu' 'host_alias=psp' 'target_alias=psp' 'CC=psp-gcc -B/home/tim/psptoolchain/build/newlib/build-psp/psp/newlib/ -isystem /home/tim/psptoolchain/build/newlib/build-psp/psp/newlib/targ-include -isystem /home/tim/psptoolchain/build/newlib/newlib/libc/include   ' 'CFLAGS=-g -O2' 'LDFLAGS=' 'CPPFLAGS=' --cache-file=.././config.cache --srcdir=../../../../newlib/doc

## ---------------- ##
## Cache variables. ##
## ---------------- ##

ac_cv_build=x86_64-unknown-linux-gnu
ac_cv_c_compiler_gnu=yes
ac_cv_env_CCASFLAGS_set=
ac_cv_env_CCASFLAGS_value=
ac_cv_env_CCAS_set=
ac_cv_env_CCAS_value=
ac_cv_env_CC_set=set
ac_cv_env_CC_value='psp-gcc -B/home/tim/psptoolchain/build/newlib/build-psp/psp/newlib/ -isystem /home/tim/psptoolchain/build/newlib/build-psp/psp/newlib/targ-include -isystem /home/tim/psptoolchain/build/newlib/newlib/libc/include   '
ac_cv_env_CFLAGS_set=set
ac_cv_env_CFLAGS_value='-g -O2'
ac_cv_env_CPPFLAGS_set=set
ac_cv_env_CPPFLAGS_value=
ac_cv_env_CPP_set=
ac_cv_env_CPP_value=
ac_cv_env_LDFLAGS_set=set
ac_cv_env_LDFLAGS_value=
ac_cv_env_LIBS_set=
ac_cv_env_LIBS_value=
ac_cv_env_build_alias_set=set
ac_cv_env_build_alias_value=x86_64-unknown-linux-gnu
ac_cv_env_host_alias_set=set
ac_cv_env_host_alias_value=psp
ac_cv_env_target_alias_set=set
ac_cv_env_target_alias_value=psp
ac_cv_host=mipsallegrexel-psp-elf
ac_cv_path_SED=/usr/bin/sed
ac_cv_path_mkdir=/usr/bin/mkdir
ac_cv_prog_AR=psp-ar
ac_cv_prog_AS=psp-as
ac_cv_prog_AWK=gawk
ac_cv_prog_CC='psp-gcc -B/home/tim/psptoolchain/build/newlib/build-psp/psp/newlib/ -isystem /home/tim/psptoolchain/build/newlib/build-psp/psp/newlib/targ-include -isystem /home/tim/psptoolchain/build/newlib/newlib/libc/include   '
ac_cv_prog_RANLIB=psp-ranlib
ac_cv_prog_READELF=psp-readelf
ac_cv_prog_STRIP=psp-strip
ac_cv_prog_cc_g=no
ac_cv_prog_make_make_set=yes
acnewlib_cv_type_long_double=yes
am_cv_CC_dependencies_compiler_type=gcc3
libc_cv_initfinit_array=yes
newlib_cv_ldbl_eq_dbl=yes

## ----------------- ##
## Output variables. ##
## ----------------- ##

ACLOCAL='${SHELL} /home/tim/psptoolchain/build/newlib/missing --run aclocal-1.11'
AMDEPBACKSLASH='\'
AMDEP_FALSE='#'
AMDEP_TRUE=''
AMTAR='${SHELL} /home/tim/psptoolchain/build/newlib/missing --run tar'
AR='psp-ar'
AS='psp-as'
AUTOCONF='${SHELL} /home/tim/psptoolchain/build/newlib/missing --run autoconf'
AUTOHEADER='${SHELL} /home/tim/psptoolchain/build/newlib/missing --run autoheader'
AUTOMAKE='${SHELL} /home/tim/psptoolchain/build/newlib/missing --run automake-1.11'
AWK='gawk'
CC='psp-gcc -B/home/tim/psptoolchain/build/newlib/build-psp/psp/newlib/ -isystem /home/tim/psptoolchain/build/newlib/build-psp/psp/newlib/targ-include -isystem /home/tim/psptoolchain/build/newlib/newlib/libc/include   '
CCAS='psp-gcc -B/home/tim/psptoolchain/build/newlib/build-psp/psp/newlib/ -isystem /home/tim/psptoolchain/build/newlib/build-psp/psp/newlib/targ-include -isystem /home/tim/psptoolchain/build/newlib/newlib/libc/include   '
CCASFLAGS='-g -O2'
CCDEPMODE='depmode=gcc3'
CC_FOR_BUILD='gcc'
CC_FOR_NEWLIB='psp-gcc -B/home/tim/psptoolchain/build/newlib/build-psp/psp/newlib/ -isystem /home/tim/psptoolchain/build/newlib/build-psp/psp/newlib/targ-include -isystem /home/tim/psptoolchain/build/newlib/newlib/libc/include   '
CFLAGS='-g -O2'
CPP=''
CPPFLAGS=''
CRT0='crt0.o'
CRT0_DIR='libc/'
CRT1=''
CRT1_DIR=''
CYGPATH_W='echo'
DEFS='-DHAVE_CONFIG_H'
DEPDIR='.deps'
DLLTOOL='psp-dlltool'
DSYMUTIL=''
DUMPBIN=''
ECHO_C=''
ECHO_N='-n'
ECHO_T=''
EGREP=''
ELIX_LEVEL_0_FALSE='#'
ELIX_LEVEL_0_TRUE=''
ELIX_LEVEL_1_FALSE=''
ELIX_LEVEL_1_TRUE='#'
ELIX_LEVEL_2_FALSE=''
ELIX_LEVEL_2_TRUE='#'
ELIX_LEVEL_3_FALSE=''
ELIX_LEVEL_3_TRUE='#'
ELIX_LEVEL_4_FALSE=''
ELIX_LEVEL_4_TRUE='#'
EXEEXT=''
EXTRA_DIRS=''
FGREP=''
GREP=''
HAVE_DOC_FALSE='#'
HAVE_DOC_TRUE=''
HAVE_LONG_DOUBLE_FALSE='#'
HAVE_LONG_DOUBLE_TRUE=''
INSTALL_DATA='/usr/bin/install -c -m 644'
INSTALL_PROGRAM='/usr/bin/install -c'
INSTALL_SCRIPT='/usr/bin/install -c'
INSTALL_STRIP_PROGRAM='$(install_sh) -c -s'
LD='psp-ld'
LDFLAGS=''
LIBM_MACHINE_OBJECTLIST=''
LIBOBJS=''
LIBS=''
LIBTOOL=''
LIPO='psp-lipo'
LN_S=''
LTLIBOBJS=''
MACHINE_OBJECTLIST='libc/machine/mips/objectlist.awk.in'
MAINT='#'
MAINTAINER_MODE_FALSE=''
MAINTAINER_MODE_TRUE='#'
MAKEINFO='makeinfo --split-size=5000000'
MAY_SUPPLY_SYSCALLS_FALSE='#'
MAY_SUPPLY_SYSCALLS_TRUE=''
MKDIR_P='/usr/bin/mkdir -p'
NEWLIB_CFLAGS=' -G0 -mno-explicit-relocs -DCOMPACT_CTYPE -DCLOCK_PROVIDED -DHAVE_FCNTL -DHAVE_RENAME -DMALLOC_ALIGNMENT=16 -I/usr/local/pspdev/psp/sdk/include -fno-builtin'
NEWLIB_HW_FP_FALSE=''
NEWLIB_HW_FP_TRUE='#'
NM='psp-nm'
NMEDIT=''
NO_INCLUDE_LIST=' rpc/types.h rpc/xdr.h'
OBJDUMP='psp-objdump'
OBJEXT='o'
OTOOL64=''
OTOOL=''
PACKAGE='newlib'
PACKAGE_BUGREPORT=''
PACKAGE_NAME='newlib'
PACKAGE_STRING='newlib 1.20.0'
PACKAGE_TARNAME='newlib'
PACKAGE_URL=''
PACKAGE_VERSION='1.20.0'
PATH_SEPARATOR=':'
POSIX_OBJECTLIST=''
RANLIB='psp-ranlib'
READELF='psp-readelf'
SED='/usr/bin/sed'
SET_MAKE=''
SHELL='/bin/sh'
SIGNAL_OBJECTLIST='libc/signal/objectlist.awk.in'
STDIO64_OBJECTLIST=''
STRIP='psp-strip'
SYSCALL_OBJECTLIST='libc/syscalls/objectlist.awk.in'
SYS_MACH_OBJECTLIST=''
SYS_OBJECTLIST='libc/sys/psp/objectlist.awk.in'
UNIX_OBJECTLIST=''
USE_LIBTOOL_FALSE=''
USE_LIBTOOL_TRUE='#'
VERSION='1.20.0'
ac_ct_CC=''
ac_ct_DUMPBIN=''
aext='a'
am__EXEEXT_FALSE=''
am__EXEEXT_TRUE='#'
am__fastdepCC_FALSE='#'
am__fastdepCC_TRUE=''
am__include='include'
am__isrc=' -I$(srcdir)'
am__leading_dot='.'
am__quote=''
am__tar='${AMTAR} chof - "$$tardir"'
am__untar='${AMTAR} xf -'
bindir='${exec_prefix}/bin'
build='x86_64-unknown-linux-gnu'
build_alias='x86_64-unknown-linux-gnu'
build_cpu='x86_64'
build_os='linux-gnu'
build_vendor='unknown'
datadir='${datarootdir}'
datarootdir='${prefix}/share'
docdir='${datarootdir}/doc/${PACKAGE_TARNAME}'
dvidir='${docdir}'
exec_prefix='${prefix}'
host='mipsallegrexel-psp-elf'
host_alias='psp'
host_cpu='mipsallegrexel'
host_os='elf'
host_vendor='psp'
htmldir='${docdir}'
includedir='${prefix}/include'
infodir='${datarootdir}/info'
install_sh='${SHELL} /home/tim/psptoolchain/build/newlib/install-sh'
libc_cv_initfinit_array='yes'
libdir='${exec_prefix}/lib'
libexecdir='${exec_prefix}/libexec'
libm_machine_dir=''
localedir='${datarootdir}/locale'
localstatedir='${prefix}/var'
lpfx='lib_a-'
machine_dir='mips'
mandir='${datarootdir}/man'
mkdir_p='/usr/bin/mkdir -p'
newlib_basedir='../../../newlib/.'
oext='o'
oldincludedir='/usr/include'
pdfdir='${docdir}'
prefix='/usr/local/pspdev'
program_transform_name='s&^&psp-&'
psdir='${docdir}'
sbindir='${exec_prefix}/sbin'
sharedstatedir='${prefix}/com'
subdirs=' libc libm doc'
sys_dir='psp'
sysconfdir='${prefix}/etc'
target_alias='psp'

## ----------- ##
## confdefs.h. ##
## ----------- ##

/* confdefs.h */
#define PACKAGE_NAME "newlib"
#define PACKAGE_TARNAME "newlib"
#define PACKAGE_VERSION "1.20.0"
#define PACKAGE_STRING "newlib 1.20.0"
#define PACKAGE_BUGREPORT ""
#define PACKAGE_URL ""
#define _WANT_IO_LONG_LONG 1
#define _MB_CAPABLE 1
#define _MB_LEN_MAX 8
#define _NEWLIB_VERSION "1.20.0"
#define _ICONV_ENABLED 1
#define _ATEXIT_DYNAMIC_ALLOC 1
#define HAVE_INITFINI_ARRAY 1
#define _HAVE_LONG_DOUBLE 1
#define _LDBL_EQ_DBL 1

configure: exit 0
