This file contains any messages produced by compilers while
running configure, to aid debugging if configure makes a mistake.

It was created by newlib configure 1.20.0, which was
generated by GNU Autoconf 2.68.  Invocation command line was

  $ ../../../../newlib/doc/configure --disable-option-checking --prefix=/usr/local/pspdev --with-newlib --enable-multilib --with-cross-host=x86_64-unknown-linux-gnu --enable-newlib-iconv --enable-newlib-multithread --enable-newlib-mb --program-transform-name=s&^&psp-& --with-target-subdir=psp --build=x86_64-unknown-linux-gnu --host=psp --target=psp build_alias=x86_64-unknown-linux-gnu host_alias=psp target_alias=psp CC=psp-gcc -B/home/tim/psptoolchain/build/newlib/build-psp/psp/newlib/ -isystem /home/tim/psptoolchain/build/newlib/build-psp/psp/newlib/targ-include -isystem /home/tim/psptoolchain/build/newlib/newlib/libc/include    CFLAGS=-g -O2 LDFLAGS= CPPFLAGS= --cache-file=.././config.cache --srcdir=../../../../newlib/doc

## --------- ##
## Platform. ##
## --------- ##

hostname = Tim-Arch
uname -m = x86_64
uname -r = 5.12.8-arch1-1
uname -s = Linux
uname -v = #1 SMP PREEMPT Fri, 28 May 2021 15:10:20 +0000

/usr/bin/uname -p = unknown
/bin/uname -X     = unknown

/bin/arch              = unknown
/usr/bin/arch -k       = unknown
/usr/convex/getsysinfo = unknown
/usr/bin/hostinfo      = unknown
/bin/machine           = unknown
/usr/bin/oslevel       = unknown
/bin/universe          = unknown

PATH: /usr/local/sbin
PATH: /usr/local/bin
PATH: /usr/bin
PATH: /usr/bin/site_perl
PATH: /usr/bin/vendor_perl
PATH: /usr/bin/core_perl
PATH: /usr/local/pspdev/bin
PATH: /usr/local/pspdev/bin


## ----------- ##
## Core tests. ##
## ----------- ##

configure:1726: loading cache .././config.cache
configure:1844: checking build system type
configure:1858: result: x86_64-unknown-linux-gnu
configure:1878: checking host system type
configure:1891: result: mipsallegrexel-psp-elf
configure:1927: checking for a BSD-compatible install
configure:1995: result: /usr/bin/install -c
configure:2006: checking whether build environment is sane
configure:2056: result: yes
configure:2105: checking for psp-strip
configure:2132: result: psp-strip
configure:2197: checking for a thread-safe mkdir -p
configure:2236: result: /usr/bin/mkdir -p
configure:2249: checking for gawk
configure:2276: result: gawk
configure:2287: checking whether make sets $(MAKE)
configure:2309: result: yes
configure:2339: checking for style of include used by make
configure:2367: result: GNU
configure:2576: checking for gcc
configure:2603: result: psp-gcc -B/home/tim/psptoolchain/build/newlib/build-psp/psp/newlib/ -isystem /home/tim/psptoolchain/build/newlib/build-psp/psp/newlib/targ-include -isystem /home/tim/psptoolchain/build/newlib/newlib/libc/include   
configure:2614: checking dependency style of psp-gcc -B/home/tim/psptoolchain/build/newlib/build-psp/psp/newlib/ -isystem /home/tim/psptoolchain/build/newlib/build-psp/psp/newlib/targ-include -isystem /home/tim/psptoolchain/build/newlib/newlib/libc/include   
configure:2724: result: gcc3
configure:2797: checking whether we are using GNU C
configure:2818: result: yes
configure:2827: checking whether psp-gcc -B/home/tim/psptoolchain/build/newlib/build-psp/psp/newlib/ -isystem /home/tim/psptoolchain/build/newlib/build-psp/psp/newlib/targ-include -isystem /home/tim/psptoolchain/build/newlib/newlib/libc/include    accepts -g
configure:2888: result: no
configure:2921: checking for psp-as
configure:2948: result: psp-as
configure:3013: checking for psp-ar
configure:3040: result: psp-ar
configure:3105: checking for psp-ranlib
configure:3132: result: psp-ranlib
configure:3197: checking for psp-readelf
configure:3224: result: psp-readelf
configure:3293: checking whether to enable maintainer-specific portions of Makefiles
configure:3302: result: no
configure:3426: checking for build system executable suffix
cc1: fatal error: am_c_test.c: No such file or directory
compilation terminated.
configure:3441: result: no
configure:3507: updating cache .././config.cache
configure:3633: creating ./config.status

## ---------------------- ##
## Running config.status. ##
## ---------------------- ##

This file was extended by newlib config.status 1.20.0, which was
generated by GNU Autoconf 2.68.  Invocation command line was

  CONFIG_FILES    = 
  CONFIG_HEADERS  = 
  CONFIG_LINKS    = 
  CONFIG_COMMANDS = 
  $ ./config.status 

on Tim-Arch

config.status:818: creating Makefile
config.status:975: executing depfiles commands

## ---------------- ##
## Cache variables. ##
## ---------------- ##

ac_cv_build=x86_64-unknown-linux-gnu
ac_cv_c_compiler_gnu=yes
ac_cv_env_CCASFLAGS_set=
ac_cv_env_CCASFLAGS_value=
ac_cv_env_CCAS_set=
ac_cv_env_CCAS_value=
ac_cv_env_CC_set=set
ac_cv_env_CC_value='psp-gcc -B/home/tim/psptoolchain/build/newlib/build-psp/psp/newlib/ -isystem /home/tim/psptoolchain/build/newlib/build-psp/psp/newlib/targ-include -isystem /home/tim/psptoolchain/build/newlib/newlib/libc/include   '
ac_cv_env_CFLAGS_set=set
ac_cv_env_CFLAGS_value='-g -O2'
ac_cv_env_CPPFLAGS_set=set
ac_cv_env_CPPFLAGS_value=
ac_cv_env_CPP_set=
ac_cv_env_CPP_value=
ac_cv_env_LDFLAGS_set=set
ac_cv_env_LDFLAGS_value=
ac_cv_env_LIBS_set=
ac_cv_env_LIBS_value=
ac_cv_env_build_alias_set=set
ac_cv_env_build_alias_value=x86_64-unknown-linux-gnu
ac_cv_env_host_alias_set=set
ac_cv_env_host_alias_value=psp
ac_cv_env_target_alias_set=set
ac_cv_env_target_alias_value=psp
ac_cv_host=mipsallegrexel-psp-elf
ac_cv_path_SED=/usr/bin/sed
ac_cv_path_mkdir=/usr/bin/mkdir
ac_cv_prog_AR=psp-ar
ac_cv_prog_AS=psp-as
ac_cv_prog_AWK=gawk
ac_cv_prog_CC='psp-gcc -B/home/tim/psptoolchain/build/newlib/build-psp/psp/newlib/ -isystem /home/tim/psptoolchain/build/newlib/build-psp/psp/newlib/targ-include -isystem /home/tim/psptoolchain/build/newlib/newlib/libc/include   '
ac_cv_prog_RANLIB=psp-ranlib
ac_cv_prog_READELF=psp-readelf
ac_cv_prog_STRIP=psp-strip
ac_cv_prog_cc_g=no
ac_cv_prog_make_make_set=yes
acnewlib_cv_type_long_double=yes
am_cv_CC_dependencies_compiler_type=gcc3
libc_cv_initfinit_array=yes
newlib_cv_build_exeext=no
newlib_cv_ldbl_eq_dbl=yes

## ----------------- ##
## Output variables. ##
## ----------------- ##

ACLOCAL='${SHELL} /home/tim/psptoolchain/build/newlib/missing --run aclocal-1.11'
AMDEPBACKSLASH='\'
AMDEP_FALSE='#'
AMDEP_TRUE=''
AMTAR='${SHELL} /home/tim/psptoolchain/build/newlib/missing --run tar'
AR='psp-ar'
AS='psp-as'
AUTOCONF='${SHELL} /home/tim/psptoolchain/build/newlib/missing --run autoconf'
AUTOHEADER='${SHELL} /home/tim/psptoolchain/build/newlib/missing --run autoheader'
AUTOMAKE='${SHELL} /home/tim/psptoolchain/build/newlib/missing --run automake-1.11'
AWK='gawk'
CC='psp-gcc -B/home/tim/psptoolchain/build/newlib/build-psp/psp/newlib/ -isystem /home/tim/psptoolchain/build/newlib/build-psp/psp/newlib/targ-include -isystem /home/tim/psptoolchain/build/newlib/newlib/libc/include   '
CCAS='psp-gcc -B/home/tim/psptoolchain/build/newlib/build-psp/psp/newlib/ -isystem /home/tim/psptoolchain/build/newlib/build-psp/psp/newlib/targ-include -isystem /home/tim/psptoolchain/build/newlib/newlib/libc/include   '
CCASFLAGS='-g -O2'
CCDEPMODE='depmode=gcc3'
CC_FOR_BUILD='gcc'
CYGPATH_W='echo'
DEFS='-DPACKAGE_NAME=\"newlib\" -DPACKAGE_TARNAME=\"newlib\" -DPACKAGE_VERSION=\"1.20.0\" -DPACKAGE_STRING=\"newlib\ 1.20.0\" -DPACKAGE_BUGREPORT=\"\" -DPACKAGE_URL=\"\"'
DEPDIR='.deps'
ECHO_C=''
ECHO_N='-n'
ECHO_T=''
ELIX_LEVEL_0_FALSE='#'
ELIX_LEVEL_0_TRUE=''
ELIX_LEVEL_1_FALSE=''
ELIX_LEVEL_1_TRUE='#'
ELIX_LEVEL_2_FALSE=''
ELIX_LEVEL_2_TRUE='#'
ELIX_LEVEL_3_FALSE=''
ELIX_LEVEL_3_TRUE='#'
ELIX_LEVEL_4_FALSE=''
ELIX_LEVEL_4_TRUE='#'
EXEEXT_FOR_BUILD=''
INSTALL_DATA='/usr/bin/install -c -m 644'
INSTALL_PROGRAM='/usr/bin/install -c'
INSTALL_SCRIPT='/usr/bin/install -c'
INSTALL_STRIP_PROGRAM='$(install_sh) -c -s'
LDFLAGS=''
LIBOBJS=''
LIBS=''
LTLIBOBJS=''
MAINT='#'
MAINTAINER_MODE_FALSE=''
MAINTAINER_MODE_TRUE='#'
MAKEINFO='makeinfo --split-size=5000000'
MAY_SUPPLY_SYSCALLS_FALSE='#'
MAY_SUPPLY_SYSCALLS_TRUE=''
MKDIR_P='/usr/bin/mkdir -p'
NEWLIB_CFLAGS=' -G0 -mno-explicit-relocs -DCOMPACT_CTYPE -DCLOCK_PROVIDED -DHAVE_FCNTL -DHAVE_RENAME -DMALLOC_ALIGNMENT=16 -I/usr/local/pspdev/psp/sdk/include -fno-builtin'
NO_INCLUDE_LIST=' rpc/types.h rpc/xdr.h'
OBJEXT='o'
PACKAGE='newlib'
PACKAGE_BUGREPORT=''
PACKAGE_NAME='newlib'
PACKAGE_STRING='newlib 1.20.0'
PACKAGE_TARNAME='newlib'
PACKAGE_URL=''
PACKAGE_VERSION='1.20.0'
PATH_SEPARATOR=':'
RANLIB='psp-ranlib'
READELF='psp-readelf'
SET_MAKE=''
SHELL='/bin/sh'
STRIP='psp-strip'
USE_LIBTOOL_FALSE=''
USE_LIBTOOL_TRUE='#'
VERSION='1.20.0'
aext='a'
am__fastdepCC_FALSE='#'
am__fastdepCC_TRUE=''
am__include='include'
am__isrc=' -I$(srcdir)'
am__leading_dot='.'
am__quote=''
am__tar='${AMTAR} chof - "$$tardir"'
am__untar='${AMTAR} xf -'
bindir='${exec_prefix}/bin'
build='x86_64-unknown-linux-gnu'
build_alias='x86_64-unknown-linux-gnu'
build_cpu='x86_64'
build_os='linux-gnu'
build_vendor='unknown'
datadir='${datarootdir}'
datarootdir='${prefix}/share'
docdir='${datarootdir}/doc/${PACKAGE_TARNAME}'
dvidir='${docdir}'
exec_prefix='${prefix}'
host='mipsallegrexel-psp-elf'
host_alias='psp'
host_cpu='mipsallegrexel'
host_os='elf'
host_vendor='psp'
htmldir='${docdir}'
includedir='${prefix}/include'
infodir='${datarootdir}/info'
install_sh='${SHELL} /home/tim/psptoolchain/build/newlib/install-sh'
libdir='${exec_prefix}/lib'
libexecdir='${exec_prefix}/libexec'
libm_machine_dir=''
localedir='${datarootdir}/locale'
localstatedir='${prefix}/var'
lpfx='lib_a-'
machine_dir='mips'
mandir='${datarootdir}/man'
mkdir_p='/usr/bin/mkdir -p'
newlib_basedir='../../../../newlib/doc/..'
oext='o'
oldincludedir='/usr/include'
pdfdir='${docdir}'
prefix='/usr/local/pspdev'
program_transform_name='s&^&psp-&'
psdir='${docdir}'
sbindir='${exec_prefix}/sbin'
sharedstatedir='${prefix}/com'
sys_dir='psp'
sysconfdir='${prefix}/etc'
target_alias='psp'

## ----------- ##
## confdefs.h. ##
## ----------- ##

/* confdefs.h */
#define PACKAGE_NAME "newlib"
#define PACKAGE_TARNAME "newlib"
#define PACKAGE_VERSION "1.20.0"
#define PACKAGE_STRING "newlib 1.20.0"
#define PACKAGE_BUGREPORT ""
#define PACKAGE_URL ""

configure: exit 0
