This file contains any messages produced by compilers while
running configure, to aid debugging if configure makes a mistake.

It was created by configure, which was
generated by GNU Autoconf 2.64.  Invocation command line was

  $ /home/tim/psptoolchain/build/gdb-7.5.1/sim/configure --cache-file=./config.cache --with-system-zlib --prefix=/usr/local/pspdev --disable-werror --disable-nls --with-system-zlib --with-system-readline --program-transform-name=s&^&psp-& --disable-option-checking --build=x86_64-unknown-linux-gnu --host=x86_64-unknown-linux-gnu --target=psp --srcdir=../../sim

## --------- ##
## Platform. ##
## --------- ##

hostname = Tim-Arch
uname -m = x86_64
uname -r = 5.12.8-arch1-1
uname -s = Linux
uname -v = #1 SMP PREEMPT Fri, 28 May 2021 15:10:20 +0000

/usr/bin/uname -p = unknown
/bin/uname -X     = unknown

/bin/arch              = unknown
/usr/bin/arch -k       = unknown
/usr/convex/getsysinfo = unknown
/usr/bin/hostinfo      = unknown
/bin/machine           = unknown
/usr/bin/oslevel       = unknown
/bin/universe          = unknown

PATH: /usr/local/sbin
PATH: /usr/local/bin
PATH: /usr/bin
PATH: /usr/bin/site_perl
PATH: /usr/bin/vendor_perl
PATH: /usr/bin/core_perl
PATH: /usr/local/pspdev/bin
PATH: /usr/local/pspdev/bin


## ----------- ##
## Core tests. ##
## ----------- ##

configure:1688: creating cache ./config.cache
configure:1773: checking for x86_64-unknown-linux-gnu-gcc
configure:1800: result: gcc
configure:2069: checking for C compiler version
configure:2078: gcc --version >&5
gcc (GCC) 11.1.0
Copyright (C) 2021 Free Software Foundation, Inc.
This is free software; see the source for copying conditions.  There is NO
warranty; not even for MERCHANTABILITY or FITNESS FOR A PARTICULAR PURPOSE.

configure:2089: $? = 0
configure:2078: gcc -v >&5
Using built-in specs.
COLLECT_GCC=gcc
COLLECT_LTO_WRAPPER=/usr/lib/gcc/x86_64-pc-linux-gnu/11.1.0/lto-wrapper
Target: x86_64-pc-linux-gnu
Configured with: /build/gcc/src/gcc/configure --prefix=/usr --libdir=/usr/lib --libexecdir=/usr/lib --mandir=/usr/share/man --infodir=/usr/share/info --with-bugurl=https://bugs.archlinux.org/ --enable-languages=c,c++,ada,fortran,go,lto,objc,obj-c++,d --with-isl --with-linker-hash-style=gnu --with-system-zlib --enable-__cxa_atexit --enable-cet=auto --enable-checking=release --enable-clocale=gnu --enable-default-pie --enable-default-ssp --enable-gnu-indirect-function --enable-gnu-unique-object --enable-install-libiberty --enable-linker-build-id --enable-lto --enable-multilib --enable-plugin --enable-shared --enable-threads=posix --disable-libssp --disable-libstdcxx-pch --disable-libunwind-exceptions --disable-werror gdc_include_dir=/usr/include/dlang/gdc
Thread model: posix
Supported LTO compression algorithms: zlib zstd
gcc version 11.1.0 (GCC) 
configure:2089: $? = 0
configure:2078: gcc -V >&5
gcc: error: unrecognized command-line option '-V'
gcc: fatal error: no input files
compilation terminated.
configure:2089: $? = 1
configure:2078: gcc -qversion >&5
gcc: error: unrecognized command-line option '-qversion'; did you mean '--version'?
gcc: fatal error: no input files
compilation terminated.
configure:2089: $? = 1
configure:2109: checking for C compiler default output file name
configure:2131: gcc -g -O2    conftest.c  >&5
configure:2135: $? = 0
configure:2172: result: a.out
configure:2188: checking whether the C compiler works
configure:2197: ./a.out
configure:2201: $? = 0
configure:2216: result: yes
configure:2223: checking whether we are cross compiling
configure:2225: result: no
configure:2228: checking for suffix of executables
configure:2235: gcc -o conftest -g -O2    conftest.c  >&5
configure:2239: $? = 0
configure:2261: result: 
configure:2267: checking for suffix of object files
configure:2289: gcc -c -g -O2  conftest.c >&5
configure:2293: $? = 0
configure:2314: result: o
configure:2318: checking whether we are using the GNU C compiler
configure:2337: gcc -c -g -O2  conftest.c >&5
configure:2337: $? = 0
configure:2346: result: yes
configure:2355: checking whether gcc accepts -g
configure:2375: gcc -c -g  conftest.c >&5
configure:2375: $? = 0
configure:2416: result: yes
configure:2433: checking for gcc option to accept ISO C89
configure:2497: gcc  -c -g -O2  conftest.c >&5
configure:2497: $? = 0
configure:2510: result: none needed
configure:2567: checking for a BSD-compatible install
configure:2635: result: /usr/bin/install -c
configure:2649: checking for x86_64-unknown-linux-gnu-ar
configure:2676: result: ar
configure:2741: checking for x86_64-unknown-linux-gnu-ranlib
configure:2768: result: ranlib
configure:2835: checking build system type
configure:2849: result: x86_64-unknown-linux-gnu
configure:2869: checking host system type
configure:2882: result: x86_64-unknown-linux-gnu
configure:2902: checking target system type
configure:2915: result: mipsallegrexel-psp-elf
configure:2960: checking for x86_64-unknown-linux-gnu-gcc
configure:2987: result: gcc
configure:3256: checking for C compiler version
configure:3265: gcc --version >&5
gcc (GCC) 11.1.0
Copyright (C) 2021 Free Software Foundation, Inc.
This is free software; see the source for copying conditions.  There is NO
warranty; not even for MERCHANTABILITY or FITNESS FOR A PARTICULAR PURPOSE.

configure:3276: $? = 0
configure:3265: gcc -v >&5
Using built-in specs.
COLLECT_GCC=gcc
COLLECT_LTO_WRAPPER=/usr/lib/gcc/x86_64-pc-linux-gnu/11.1.0/lto-wrapper
Target: x86_64-pc-linux-gnu
Configured with: /build/gcc/src/gcc/configure --prefix=/usr --libdir=/usr/lib --libexecdir=/usr/lib --mandir=/usr/share/man --infodir=/usr/share/info --with-bugurl=https://bugs.archlinux.org/ --enable-languages=c,c++,ada,fortran,go,lto,objc,obj-c++,d --with-isl --with-linker-hash-style=gnu --with-system-zlib --enable-__cxa_atexit --enable-cet=auto --enable-checking=release --enable-clocale=gnu --enable-default-pie --enable-default-ssp --enable-gnu-indirect-function --enable-gnu-unique-object --enable-install-libiberty --enable-linker-build-id --enable-lto --enable-multilib --enable-plugin --enable-shared --enable-threads=posix --disable-libssp --disable-libstdcxx-pch --disable-libunwind-exceptions --disable-werror gdc_include_dir=/usr/include/dlang/gdc
Thread model: posix
Supported LTO compression algorithms: zlib zstd
gcc version 11.1.0 (GCC) 
configure:3276: $? = 0
configure:3265: gcc -V >&5
gcc: error: unrecognized command-line option '-V'
gcc: fatal error: no input files
compilation terminated.
configure:3276: $? = 1
configure:3265: gcc -qversion >&5
gcc: error: unrecognized command-line option '-qversion'; did you mean '--version'?
gcc: fatal error: no input files
compilation terminated.
configure:3276: $? = 1
configure:3280: checking whether we are using the GNU C compiler
configure:3308: result: yes
configure:3317: checking whether gcc accepts -g
configure:3378: result: yes
configure:3395: checking for gcc option to accept ISO C89
configure:3472: result: none needed
configure:3499: checking for x86_64-unknown-linux-gnu-ranlib
configure:3526: result: ranlib
configure:3905: updating cache ./config.cache
configure:3978: creating ./config.status

## ---------------------- ##
## Running config.status. ##
## ---------------------- ##

This file was extended by config.status, which was
generated by GNU Autoconf 2.64.  Invocation command line was

  CONFIG_FILES    = 
  CONFIG_HEADERS  = 
  CONFIG_LINKS    = 
  CONFIG_COMMANDS = 
  $ ./config.status 

on Tim-Arch

config.status:740: creating Makefile
configure:5045: === configuring in mips (/home/tim/psptoolchain/build/gdb-7.5.1/build-psp/sim/mips)
configure:5108: running /bin/sh ../../../sim/mips/configure --disable-option-checking '--prefix=/usr/local/pspdev'  '--disable-werror' '--disable-nls' '--with-system-zlib' '--with-system-readline' '--program-transform-name=s&^&psp-&' '--build=x86_64-unknown-linux-gnu' '--host=x86_64-unknown-linux-gnu' '--target=psp' 'build_alias=x86_64-unknown-linux-gnu' 'host_alias=x86_64-unknown-linux-gnu' 'target_alias=psp' 'CC=gcc' 'CFLAGS=-g -O2' 'LDFLAGS= ' --cache-file=.././config.cache --srcdir=../../../sim/mips
configure:5045: === configuring in testsuite (/home/tim/psptoolchain/build/gdb-7.5.1/build-psp/sim/testsuite)
configure:5108: running /bin/sh ../../../sim/testsuite/configure --disable-option-checking '--prefix=/usr/local/pspdev'  '--disable-werror' '--disable-nls' '--with-system-zlib' '--with-system-readline' '--program-transform-name=s&^&psp-&' '--build=x86_64-unknown-linux-gnu' '--host=x86_64-unknown-linux-gnu' '--target=psp' 'build_alias=x86_64-unknown-linux-gnu' 'host_alias=x86_64-unknown-linux-gnu' 'target_alias=psp' 'CC=gcc' 'CFLAGS=-g -O2' 'LDFLAGS= ' --cache-file=.././config.cache --srcdir=../../../sim/testsuite
configure:5045: === configuring in common (/home/tim/psptoolchain/build/gdb-7.5.1/build-psp/sim/common)
configure:5108: running /bin/sh ../../../sim/common/configure --disable-option-checking '--prefix=/usr/local/pspdev'  '--disable-werror' '--disable-nls' '--with-system-zlib' '--with-system-readline' '--program-transform-name=s&^&psp-&' '--build=x86_64-unknown-linux-gnu' '--host=x86_64-unknown-linux-gnu' '--target=psp' 'build_alias=x86_64-unknown-linux-gnu' 'host_alias=x86_64-unknown-linux-gnu' 'target_alias=psp' 'CC=gcc' 'CFLAGS=-g -O2' 'LDFLAGS= ' --cache-file=.././config.cache --srcdir=../../../sim/common
configure:5045: === configuring in igen (/home/tim/psptoolchain/build/gdb-7.5.1/build-psp/sim/igen)
configure:5108: running /bin/sh ../../../sim/igen/configure --disable-option-checking '--prefix=/usr/local/pspdev'  '--disable-werror' '--disable-nls' '--with-system-zlib' '--with-system-readline' '--program-transform-name=s&^&psp-&' '--build=x86_64-unknown-linux-gnu' '--host=x86_64-unknown-linux-gnu' '--target=psp' 'build_alias=x86_64-unknown-linux-gnu' 'host_alias=x86_64-unknown-linux-gnu' 'target_alias=psp' 'CC=gcc' 'CFLAGS=-g -O2' 'LDFLAGS= ' --cache-file=.././config.cache --srcdir=../../../sim/igen

## ---------------- ##
## Cache variables. ##
## ---------------- ##

ac_cv_build=x86_64-unknown-linux-gnu
ac_cv_c_compiler_gnu=yes
ac_cv_env_CC_set=set
ac_cv_env_CC_value=gcc
ac_cv_env_CFLAGS_set=set
ac_cv_env_CFLAGS_value='-g -O2'
ac_cv_env_CPPFLAGS_set=
ac_cv_env_CPPFLAGS_value=
ac_cv_env_LDFLAGS_set=set
ac_cv_env_LDFLAGS_value=' '
ac_cv_env_LIBS_set=
ac_cv_env_LIBS_value=
ac_cv_env_build_alias_set=set
ac_cv_env_build_alias_value=x86_64-unknown-linux-gnu
ac_cv_env_host_alias_set=set
ac_cv_env_host_alias_value=x86_64-unknown-linux-gnu
ac_cv_env_target_alias_set=set
ac_cv_env_target_alias_value=psp
ac_cv_host=x86_64-unknown-linux-gnu
ac_cv_objext=o
ac_cv_prog_AR=ar
ac_cv_prog_CC=gcc
ac_cv_prog_RANLIB=ranlib
ac_cv_prog_cc_c89=
ac_cv_prog_cc_g=yes
ac_cv_target=mipsallegrexel-psp-elf

## ----------------- ##
## Output variables. ##
## ----------------- ##

AR='ar'
CC='gcc'
CC_FOR_BUILD='$(CC)'
CFLAGS='-g -O2'
CFLAGS_FOR_BUILD='-g -O2'
CPPFLAGS=''
DEFS='-DPACKAGE_NAME=\"\" -DPACKAGE_TARNAME=\"\" -DPACKAGE_VERSION=\"\" -DPACKAGE_STRING=\"\" -DPACKAGE_BUGREPORT=\"\" -DPACKAGE_URL=\"\"'
ECHO_C=''
ECHO_N='-n'
ECHO_T=''
EXEEXT=''
HDEFINES=''
INSTALL_DATA='/usr/bin/install -c -m 644'
INSTALL_PROGRAM='/usr/bin/install -c'
INSTALL_SCRIPT='/usr/bin/install -c'
LDFLAGS=' '
LIBOBJS=''
LIBS=''
LTLIBOBJS=''
OBJEXT='o'
PACKAGE_BUGREPORT=''
PACKAGE_NAME=''
PACKAGE_STRING=''
PACKAGE_TARNAME=''
PACKAGE_URL=''
PACKAGE_VERSION=''
PATH_SEPARATOR=':'
RANLIB='ranlib'
SHELL='/bin/sh'
ac_ct_CC=''
bindir='${exec_prefix}/bin'
build='x86_64-unknown-linux-gnu'
build_alias='x86_64-unknown-linux-gnu'
build_cpu='x86_64'
build_os='linux-gnu'
build_vendor='unknown'
datadir='${datarootdir}'
datarootdir='${prefix}/share'
docdir='${datarootdir}/doc/${PACKAGE}'
dvidir='${docdir}'
exec_prefix='${prefix}'
host='x86_64-unknown-linux-gnu'
host_alias='x86_64-unknown-linux-gnu'
host_cpu='x86_64'
host_os='linux-gnu'
host_vendor='unknown'
htmldir='${docdir}'
includedir='${prefix}/include'
infodir='${datarootdir}/info'
libdir='${exec_prefix}/lib'
libexecdir='${exec_prefix}/libexec'
localedir='${datarootdir}/locale'
localstatedir='${prefix}/var'
mandir='${datarootdir}/man'
oldincludedir='/usr/include'
pdfdir='${docdir}'
prefix='/usr/local/pspdev'
program_transform_name='s&^&psp-&'
psdir='${docdir}'
sbindir='${exec_prefix}/sbin'
sharedstatedir='${prefix}/com'
sim_arch='mips'
subdirs=' mips testsuite common igen'
sysconfdir='${prefix}/etc'
target='mipsallegrexel-psp-elf'
target_alias='psp'
target_cpu='mipsallegrexel'
target_os='elf'
target_vendor='psp'

## ----------- ##
## confdefs.h. ##
## ----------- ##

/* confdefs.h */
#define PACKAGE_NAME ""
#define PACKAGE_TARNAME ""
#define PACKAGE_VERSION ""
#define PACKAGE_STRING ""
#define PACKAGE_BUGREPORT ""
#define PACKAGE_URL ""

configure: exit 0
