This file contains any messages produced by compilers while
running configure, to aid debugging if configure makes a mistake.

It was created by newlib configure 1.20.0, which was
generated by GNU Autoconf 2.68.  Invocation command line was

  $ ../../../../newlib/libc/configure --disable-option-checking --prefix=/usr/local/pspdev --with-newlib --enable-multilib --with-cross-host=x86_64-unknown-linux-gnu --enable-newlib-iconv --enable-newlib-multithread --enable-newlib-mb --program-transform-name=s&^&psp-& --with-target-subdir=psp --build=x86_64-unknown-linux-gnu --host=psp --target=psp build_alias=x86_64-unknown-linux-gnu host_alias=psp target_alias=psp CC=psp-gcc -B/home/tim/psptoolchain/build/newlib/build-psp/psp/newlib/ -isystem /home/tim/psptoolchain/build/newlib/build-psp/psp/newlib/targ-include -isystem /home/tim/psptoolchain/build/newlib/newlib/libc/include    CFLAGS=-g -O2 LDFLAGS= CPPFLAGS= --cache-file=.././config.cache --srcdir=../../../../newlib/libc

## --------- ##
## Platform. ##
## --------- ##

hostname = Tim-Arch
uname -m = x86_64
uname -r = 5.12.8-arch1-1
uname -s = Linux
uname -v = #1 SMP PREEMPT Fri, 28 May 2021 15:10:20 +0000

/usr/bin/uname -p = unknown
/bin/uname -X     = unknown

/bin/arch              = unknown
/usr/bin/arch -k       = unknown
/usr/convex/getsysinfo = unknown
/usr/bin/hostinfo      = unknown
/bin/machine           = unknown
/usr/bin/oslevel       = unknown
/bin/universe          = unknown

PATH: /usr/local/sbin
PATH: /usr/local/bin
PATH: /usr/bin
PATH: /usr/bin/site_perl
PATH: /usr/bin/vendor_perl
PATH: /usr/bin/core_perl
PATH: /usr/local/pspdev/bin
PATH: /usr/local/pspdev/bin


## ----------- ##
## Core tests. ##
## ----------- ##

configure:2090: loading cache .././config.cache
configure:2219: checking build system type
configure:2233: result: x86_64-unknown-linux-gnu
configure:2253: checking host system type
configure:2266: result: mipsallegrexel-psp-elf
configure:2302: checking for a BSD-compatible install
configure:2370: result: /usr/bin/install -c
configure:2381: checking whether build environment is sane
configure:2431: result: yes
configure:2480: checking for psp-strip
configure:2507: result: psp-strip
configure:2572: checking for a thread-safe mkdir -p
configure:2611: result: /usr/bin/mkdir -p
configure:2624: checking for gawk
configure:2651: result: gawk
configure:2662: checking whether make sets $(MAKE)
configure:2684: result: yes
configure:2714: checking for style of include used by make
configure:2742: result: GNU
configure:2951: checking for gcc
configure:2978: result: psp-gcc -B/home/tim/psptoolchain/build/newlib/build-psp/psp/newlib/ -isystem /home/tim/psptoolchain/build/newlib/build-psp/psp/newlib/targ-include -isystem /home/tim/psptoolchain/build/newlib/newlib/libc/include   
configure:2989: checking dependency style of psp-gcc -B/home/tim/psptoolchain/build/newlib/build-psp/psp/newlib/ -isystem /home/tim/psptoolchain/build/newlib/build-psp/psp/newlib/targ-include -isystem /home/tim/psptoolchain/build/newlib/newlib/libc/include   
configure:3099: result: gcc3
configure:3172: checking whether we are using GNU C
configure:3193: result: yes
configure:3202: checking whether psp-gcc -B/home/tim/psptoolchain/build/newlib/build-psp/psp/newlib/ -isystem /home/tim/psptoolchain/build/newlib/build-psp/psp/newlib/targ-include -isystem /home/tim/psptoolchain/build/newlib/newlib/libc/include    accepts -g
configure:3263: result: no
configure:3296: checking for psp-as
configure:3323: result: psp-as
configure:3388: checking for psp-ar
configure:3415: result: psp-ar
configure:3480: checking for psp-ranlib
configure:3507: result: psp-ranlib
configure:3572: checking for psp-readelf
configure:3599: result: psp-readelf
configure:3668: checking whether to enable maintainer-specific portions of Makefiles
configure:3677: result: no
configure:3787: checking for a sed that does not truncate output
configure:3851: result: /usr/bin/sed
configure:3873: checking how to print strings
configure:3900: result: printf
configure:11979: checking Checking long double support
configure:12003: result: yes
configure:12265: creating ./config.status

## ---------------------- ##
## Running config.status. ##
## ---------------------- ##

This file was extended by newlib config.status 1.20.0, which was
generated by GNU Autoconf 2.68.  Invocation command line was

  CONFIG_FILES    = 
  CONFIG_HEADERS  = 
  CONFIG_LINKS    = 
  CONFIG_COMMANDS = 
  $ ./config.status 

on Tim-Arch

config.status:1087: creating Makefile
config.status:1087: creating argz/Makefile
config.status:1087: creating ctype/Makefile
config.status:1087: creating errno/Makefile
config.status:1087: creating locale/Makefile
config.status:1087: creating misc/Makefile
config.status:1087: creating reent/Makefile
config.status:1087: creating search/Makefile
config.status:1087: creating stdio/Makefile
config.status:1087: creating stdio64/Makefile
config.status:1087: creating stdlib/Makefile
config.status:1087: creating string/Makefile
config.status:1087: creating time/Makefile
config.status:1087: creating posix/Makefile
config.status:1087: creating signal/Makefile
config.status:1087: creating syscalls/Makefile
config.status:1087: creating unix/Makefile
config.status:1087: creating iconv/Makefile
config.status:1087: creating iconv/ces/Makefile
config.status:1087: creating iconv/ccs/Makefile
config.status:1087: creating iconv/ccs/binary/Makefile
config.status:1087: creating iconv/lib/Makefile
config.status:1087: creating xdr/Makefile
config.status:1244: executing depfiles commands
configure:14406: === configuring in machine (/home/tim/psptoolchain/build/newlib/build-psp/psp/newlib/libc/machine)
configure:14469: running /bin/sh ../../../../../newlib/libc/machine/configure --disable-option-checking '--prefix=/usr/local/pspdev'  '--with-newlib' '--enable-multilib' '--with-cross-host=x86_64-unknown-linux-gnu' '--enable-newlib-iconv' '--enable-newlib-multithread' '--enable-newlib-mb' '--program-transform-name=s&^&psp-&' '--with-target-subdir=psp' '--build=x86_64-unknown-linux-gnu' '--host=psp' '--target=psp' 'build_alias=x86_64-unknown-linux-gnu' 'host_alias=psp' 'target_alias=psp' 'CC=psp-gcc -B/home/tim/psptoolchain/build/newlib/build-psp/psp/newlib/ -isystem /home/tim/psptoolchain/build/newlib/build-psp/psp/newlib/targ-include -isystem /home/tim/psptoolchain/build/newlib/newlib/libc/include   ' 'CFLAGS=-g -O2' 'LDFLAGS=' 'CPPFLAGS=' --cache-file=../.././config.cache --srcdir=../../../../../newlib/libc/machine
configure:14406: === configuring in sys (/home/tim/psptoolchain/build/newlib/build-psp/psp/newlib/libc/sys)
configure:14469: running /bin/sh ../../../../../newlib/libc/sys/configure --disable-option-checking '--prefix=/usr/local/pspdev'  '--with-newlib' '--enable-multilib' '--with-cross-host=x86_64-unknown-linux-gnu' '--enable-newlib-iconv' '--enable-newlib-multithread' '--enable-newlib-mb' '--program-transform-name=s&^&psp-&' '--with-target-subdir=psp' '--build=x86_64-unknown-linux-gnu' '--host=psp' '--target=psp' 'build_alias=x86_64-unknown-linux-gnu' 'host_alias=psp' 'target_alias=psp' 'CC=psp-gcc -B/home/tim/psptoolchain/build/newlib/build-psp/psp/newlib/ -isystem /home/tim/psptoolchain/build/newlib/build-psp/psp/newlib/targ-include -isystem /home/tim/psptoolchain/build/newlib/newlib/libc/include   ' 'CFLAGS=-g -O2' 'LDFLAGS=' 'CPPFLAGS=' --cache-file=../.././config.cache --srcdir=../../../../../newlib/libc/sys

## ---------------- ##
## Cache variables. ##
## ---------------- ##

ac_cv_build=x86_64-unknown-linux-gnu
ac_cv_c_compiler_gnu=yes
ac_cv_env_CCASFLAGS_set=
ac_cv_env_CCASFLAGS_value=
ac_cv_env_CCAS_set=
ac_cv_env_CCAS_value=
ac_cv_env_CC_set=set
ac_cv_env_CC_value='psp-gcc -B/home/tim/psptoolchain/build/newlib/build-psp/psp/newlib/ -isystem /home/tim/psptoolchain/build/newlib/build-psp/psp/newlib/targ-include -isystem /home/tim/psptoolchain/build/newlib/newlib/libc/include   '
ac_cv_env_CFLAGS_set=set
ac_cv_env_CFLAGS_value='-g -O2'
ac_cv_env_CPPFLAGS_set=set
ac_cv_env_CPPFLAGS_value=
ac_cv_env_CPP_set=
ac_cv_env_CPP_value=
ac_cv_env_LDFLAGS_set=set
ac_cv_env_LDFLAGS_value=
ac_cv_env_LIBS_set=
ac_cv_env_LIBS_value=
ac_cv_env_build_alias_set=set
ac_cv_env_build_alias_value=x86_64-unknown-linux-gnu
ac_cv_env_host_alias_set=set
ac_cv_env_host_alias_value=psp
ac_cv_env_target_alias_set=set
ac_cv_env_target_alias_value=psp
ac_cv_host=mipsallegrexel-psp-elf
ac_cv_path_SED=/usr/bin/sed
ac_cv_path_mkdir=/usr/bin/mkdir
ac_cv_prog_AR=psp-ar
ac_cv_prog_AS=psp-as
ac_cv_prog_AWK=gawk
ac_cv_prog_CC='psp-gcc -B/home/tim/psptoolchain/build/newlib/build-psp/psp/newlib/ -isystem /home/tim/psptoolchain/build/newlib/build-psp/psp/newlib/targ-include -isystem /home/tim/psptoolchain/build/newlib/newlib/libc/include   '
ac_cv_prog_RANLIB=psp-ranlib
ac_cv_prog_READELF=psp-readelf
ac_cv_prog_STRIP=psp-strip
ac_cv_prog_cc_g=no
ac_cv_prog_make_make_set=yes
acnewlib_cv_type_long_double=yes
am_cv_CC_dependencies_compiler_type=gcc3
libc_cv_initfinit_array=yes
newlib_cv_ldbl_eq_dbl=yes

## ----------------- ##
## Output variables. ##
## ----------------- ##

ACLOCAL='${SHELL} /home/tim/psptoolchain/build/newlib/missing --run aclocal-1.11'
AMDEPBACKSLASH='\'
AMDEP_FALSE='#'
AMDEP_TRUE=''
AMTAR='${SHELL} /home/tim/psptoolchain/build/newlib/missing --run tar'
AR='psp-ar'
AS='psp-as'
AUTOCONF='${SHELL} /home/tim/psptoolchain/build/newlib/missing --run autoconf'
AUTOHEADER='${SHELL} /home/tim/psptoolchain/build/newlib/missing --run autoheader'
AUTOMAKE='${SHELL} /home/tim/psptoolchain/build/newlib/missing --run automake-1.11'
AWK='gawk'
CC='psp-gcc -B/home/tim/psptoolchain/build/newlib/build-psp/psp/newlib/ -isystem /home/tim/psptoolchain/build/newlib/build-psp/psp/newlib/targ-include -isystem /home/tim/psptoolchain/build/newlib/newlib/libc/include   '
CCAS='psp-gcc -B/home/tim/psptoolchain/build/newlib/build-psp/psp/newlib/ -isystem /home/tim/psptoolchain/build/newlib/build-psp/psp/newlib/targ-include -isystem /home/tim/psptoolchain/build/newlib/newlib/libc/include   '
CCASFLAGS='-g -O2'
CCDEPMODE='depmode=gcc3'
CFLAGS='-g -O2'
CPP=''
CPPFLAGS=''
CRT0='crt0.o'
CYGPATH_W='echo'
DEFS='-DPACKAGE_NAME=\"newlib\" -DPACKAGE_TARNAME=\"newlib\" -DPACKAGE_VERSION=\"1.20.0\" -DPACKAGE_STRING=\"newlib\ 1.20.0\" -DPACKAGE_BUGREPORT=\"\" -DPACKAGE_URL=\"\"'
DEPDIR='.deps'
DLLTOOL='psp-dlltool'
DSYMUTIL=''
DUMPBIN=''
ECHO_C=''
ECHO_N='-n'
ECHO_T=''
EGREP=''
ELIX_LEVEL_0_FALSE='#'
ELIX_LEVEL_0_TRUE=''
ELIX_LEVEL_1_FALSE=''
ELIX_LEVEL_1_TRUE='#'
ELIX_LEVEL_2_FALSE=''
ELIX_LEVEL_2_TRUE='#'
ELIX_LEVEL_3_FALSE=''
ELIX_LEVEL_3_TRUE='#'
ELIX_LEVEL_4_FALSE=''
ELIX_LEVEL_4_TRUE='#'
ENABLE_NEWLIB_ICONV_FALSE='#'
ENABLE_NEWLIB_ICONV_TRUE=''
EXEEXT=''
FGREP=''
GREP=''
HAVE_LONG_DOUBLE_FALSE='#'
HAVE_LONG_DOUBLE_TRUE=''
HAVE_POSIX_DIR_FALSE=''
HAVE_POSIX_DIR_TRUE='#'
HAVE_SIGNAL_DIR_FALSE='#'
HAVE_SIGNAL_DIR_TRUE=''
HAVE_STDIO64_DIR_FALSE=''
HAVE_STDIO64_DIR_TRUE='#'
HAVE_STDIO_DIR_FALSE='#'
HAVE_STDIO_DIR_TRUE=''
HAVE_SYSCALL_DIR_FALSE='#'
HAVE_SYSCALL_DIR_TRUE=''
HAVE_UNIX_DIR_FALSE=''
HAVE_UNIX_DIR_TRUE='#'
HAVE_XDR_DIR_FALSE=''
HAVE_XDR_DIR_TRUE='#'
INSTALL_DATA='/usr/bin/install -c -m 644'
INSTALL_PROGRAM='/usr/bin/install -c'
INSTALL_SCRIPT='/usr/bin/install -c'
INSTALL_STRIP_PROGRAM='$(install_sh) -c -s'
LD='psp-ld'
LDFLAGS=''
LIBC_EXTRA_DEF=''
LIBC_EXTRA_LIB=''
LIBC_MACHINE_LIB='machine/lib.a'
LIBC_POSIX_DEF=''
LIBC_POSIX_LIB=''
LIBC_SIGNAL_DEF='signal/stmp-def'
LIBC_SIGNAL_LIB='signal/lib.a'
LIBC_STDIO64_DEF=''
LIBC_STDIO64_LIB=''
LIBC_STDIO_DEF='stdio/stmp-def'
LIBC_STDIO_LIB='stdio/lib.a'
LIBC_SYSCALL_LIB='syscalls/lib.a'
LIBC_SYS_LIB='sys/lib.a'
LIBC_UNIX_LIB=''
LIBC_XDR_DEF=''
LIBC_XDR_LIB=''
LIBOBJS=''
LIBS=''
LIBTOOL=''
LIPO='psp-lipo'
LN_S=''
LTLIBOBJS=''
MAINT='#'
MAINTAINER_MODE_FALSE=''
MAINTAINER_MODE_TRUE='#'
MAKEINFO='makeinfo --split-size=5000000'
MAY_SUPPLY_SYSCALLS_FALSE='#'
MAY_SUPPLY_SYSCALLS_TRUE=''
MKDIR_P='/usr/bin/mkdir -p'
NEWLIB_CFLAGS=' -G0 -mno-explicit-relocs -DCOMPACT_CTYPE -DCLOCK_PROVIDED -DHAVE_FCNTL -DHAVE_RENAME -DMALLOC_ALIGNMENT=16 -I/usr/local/pspdev/psp/sdk/include -fno-builtin'
NM='psp-nm'
NMEDIT=''
NO_INCLUDE_LIST=' rpc/types.h rpc/xdr.h'
OBJDUMP='psp-objdump'
OBJEXT='o'
OTOOL64=''
OTOOL=''
PACKAGE='newlib'
PACKAGE_BUGREPORT=''
PACKAGE_NAME='newlib'
PACKAGE_STRING='newlib 1.20.0'
PACKAGE_TARNAME='newlib'
PACKAGE_URL=''
PACKAGE_VERSION='1.20.0'
PATH_SEPARATOR=':'
RANLIB='psp-ranlib'
READELF='psp-readelf'
SED='/usr/bin/sed'
SET_MAKE=''
SHELL='/bin/sh'
STRIP='psp-strip'
USE_LIBTOOL_FALSE=''
USE_LIBTOOL_TRUE='#'
VERSION='1.20.0'
ac_ct_CC=''
ac_ct_DUMPBIN=''
aext='a'
am__EXEEXT_FALSE=''
am__EXEEXT_TRUE='#'
am__fastdepCC_FALSE='#'
am__fastdepCC_TRUE=''
am__include='include'
am__isrc=' -I$(srcdir)'
am__leading_dot='.'
am__quote=''
am__tar='${AMTAR} chof - "$$tardir"'
am__untar='${AMTAR} xf -'
bindir='${exec_prefix}/bin'
build='x86_64-unknown-linux-gnu'
build_alias='x86_64-unknown-linux-gnu'
build_cpu='x86_64'
build_os='linux-gnu'
build_vendor='unknown'
datadir='${datarootdir}'
datarootdir='${prefix}/share'
docdir='${datarootdir}/doc/${PACKAGE_TARNAME}'
dvidir='${docdir}'
exec_prefix='${prefix}'
extra_dir=''
host='mipsallegrexel-psp-elf'
host_alias='psp'
host_cpu='mipsallegrexel'
host_os='elf'
host_vendor='psp'
htmldir='${docdir}'
includedir='${prefix}/include'
infodir='${datarootdir}/info'
install_sh='${SHELL} /home/tim/psptoolchain/build/newlib/install-sh'
libdir='${exec_prefix}/lib'
libexecdir='${exec_prefix}/libexec'
libm_machine_dir=''
localedir='${datarootdir}/locale'
localstatedir='${prefix}/var'
lpfx='lib_a-'
machine_dir='mips'
mandir='${datarootdir}/man'
mkdir_p='/usr/bin/mkdir -p'
newlib_basedir='../../../../newlib/libc/..'
oext='o'
oldincludedir='/usr/include'
pdfdir='${docdir}'
prefix='/usr/local/pspdev'
program_transform_name='s&^&psp-&'
psdir='${docdir}'
sbindir='${exec_prefix}/sbin'
sharedstatedir='${prefix}/com'
subdirs=' machine sys'
sys_dir='psp'
sysconfdir='${prefix}/etc'
target_alias='psp'

## ----------- ##
## confdefs.h. ##
## ----------- ##

/* confdefs.h */
#define PACKAGE_NAME "newlib"
#define PACKAGE_TARNAME "newlib"
#define PACKAGE_VERSION "1.20.0"
#define PACKAGE_STRING "newlib 1.20.0"
#define PACKAGE_BUGREPORT ""
#define PACKAGE_URL ""

configure: exit 0
