This file contains any messages produced by compilers while
running configure, to aid debugging if configure makes a mistake.

It was created by configure, which was
generated by GNU Autoconf 2.64.  Invocation command line was

  $ ../../../sim/igen/configure --disable-option-checking --prefix=/usr/local/pspdev --disable-werror --disable-nls --with-system-zlib --with-system-readline --program-transform-name=s&^&psp-& --build=x86_64-unknown-linux-gnu --host=x86_64-unknown-linux-gnu --target=psp build_alias=x86_64-unknown-linux-gnu host_alias=x86_64-unknown-linux-gnu target_alias=psp CC=gcc CFLAGS=-g -O2 LDFLAGS=  --cache-file=.././config.cache --srcdir=../../../sim/igen

## --------- ##
## Platform. ##
## --------- ##

hostname = Tim-Arch
uname -m = x86_64
uname -r = 5.12.8-arch1-1
uname -s = Linux
uname -v = #1 SMP PREEMPT Fri, 28 May 2021 15:10:20 +0000

/usr/bin/uname -p = unknown
/bin/uname -X     = unknown

/bin/arch              = unknown
/usr/bin/arch -k       = unknown
/usr/convex/getsysinfo = unknown
/usr/bin/hostinfo      = unknown
/bin/machine           = unknown
/usr/bin/oslevel       = unknown
/bin/universe          = unknown

PATH: /usr/local/sbin
PATH: /usr/local/bin
PATH: /usr/bin
PATH: /usr/bin/site_perl
PATH: /usr/bin/vendor_perl
PATH: /usr/bin/core_perl
PATH: /usr/local/pspdev/bin
PATH: /usr/local/pspdev/bin


## ----------- ##
## Core tests. ##
## ----------- ##

configure:1965: loading cache .././config.cache
configure:2395: checking for a BSD-compatible install
configure:2463: result: /usr/bin/install -c
configure:2482: checking for x86_64-unknown-linux-gnu-gcc
configure:2509: result: gcc
configure:2778: checking for C compiler version
configure:2787: gcc --version >&5
gcc (GCC) 11.1.0
Copyright (C) 2021 Free Software Foundation, Inc.
This is free software; see the source for copying conditions.  There is NO
warranty; not even for MERCHANTABILITY or FITNESS FOR A PARTICULAR PURPOSE.

configure:2798: $? = 0
configure:2787: gcc -v >&5
Using built-in specs.
COLLECT_GCC=gcc
COLLECT_LTO_WRAPPER=/usr/lib/gcc/x86_64-pc-linux-gnu/11.1.0/lto-wrapper
Target: x86_64-pc-linux-gnu
Configured with: /build/gcc/src/gcc/configure --prefix=/usr --libdir=/usr/lib --libexecdir=/usr/lib --mandir=/usr/share/man --infodir=/usr/share/info --with-bugurl=https://bugs.archlinux.org/ --enable-languages=c,c++,ada,fortran,go,lto,objc,obj-c++,d --with-isl --with-linker-hash-style=gnu --with-system-zlib --enable-__cxa_atexit --enable-cet=auto --enable-checking=release --enable-clocale=gnu --enable-default-pie --enable-default-ssp --enable-gnu-indirect-function --enable-gnu-unique-object --enable-install-libiberty --enable-linker-build-id --enable-lto --enable-multilib --enable-plugin --enable-shared --enable-threads=posix --disable-libssp --disable-libstdcxx-pch --disable-libunwind-exceptions --disable-werror gdc_include_dir=/usr/include/dlang/gdc
Thread model: posix
Supported LTO compression algorithms: zlib zstd
gcc version 11.1.0 (GCC) 
configure:2798: $? = 0
configure:2787: gcc -V >&5
gcc: error: unrecognized command-line option '-V'
gcc: fatal error: no input files
compilation terminated.
configure:2798: $? = 1
configure:2787: gcc -qversion >&5
gcc: error: unrecognized command-line option '-qversion'; did you mean '--version'?
gcc: fatal error: no input files
compilation terminated.
configure:2798: $? = 1
configure:2818: checking for C compiler default output file name
configure:2840: gcc -g -O2    conftest.c  >&5
configure:2844: $? = 0
configure:2881: result: a.out
configure:2897: checking whether the C compiler works
configure:2906: ./a.out
configure:2910: $? = 0
configure:2925: result: yes
configure:2932: checking whether we are cross compiling
configure:2934: result: no
configure:2937: checking for suffix of executables
configure:2944: gcc -o conftest -g -O2    conftest.c  >&5
configure:2948: $? = 0
configure:2970: result: 
configure:2976: checking for suffix of object files
configure:3023: result: o
configure:3027: checking whether we are using the GNU C compiler
configure:3055: result: yes
configure:3064: checking whether gcc accepts -g
configure:3125: result: yes
configure:3142: checking for gcc option to accept ISO C89
configure:3219: result: none needed
configure:3313: checking compiler warning flags
configure:3334: gcc -c -g -O2 -Wall  conftest.c >&5
configure:3334: $? = 0
configure:3334: gcc -c -g -O2 -Wdeclaration-after-statement  conftest.c >&5
configure:3334: $? = 0
configure:3334: gcc -c -g -O2 -Wpointer-arith  conftest.c >&5
configure:3334: $? = 0
configure:3334: gcc -c -g -O2 -Wformat-nonliteral  conftest.c >&5
cc1: warning: '-Wformat-nonliteral' ignored without '-Wformat' [-Wformat-nonliteral]
configure:3334: $? = 0
configure:3334: gcc -c -g -O2 -Wno-pointer-sign  conftest.c >&5
configure:3334: $? = 0
configure:3334: gcc -c -g -O2 -Wno-unused  conftest.c >&5
configure:3334: $? = 0
configure:3334: gcc -c -g -O2 -Wunused-value  conftest.c >&5
configure:3334: $? = 0
configure:3334: gcc -c -g -O2 -Wunused-function  conftest.c >&5
configure:3334: $? = 0
configure:3334: gcc -c -g -O2 -Wno-switch  conftest.c >&5
configure:3334: $? = 0
configure:3334: gcc -c -g -O2 -Wno-char-subscripts  conftest.c >&5
configure:3334: $? = 0
configure:3334: gcc -c -g -O2 -Wmissing-prototypes  conftest.c >&5
configure:3334: $? = 0
configure:3341: result:  -Wall -Wdeclaration-after-statement -Wpointer-arith -Wformat-nonliteral -Wno-pointer-sign -Wno-unused -Wunused-value -Wunused-function -Wno-switch -Wno-char-subscripts -Wmissing-prototypes 
configure:3368: checking build system type
configure:3382: result: x86_64-unknown-linux-gnu
configure:3402: checking host system type
configure:3415: result: x86_64-unknown-linux-gnu
configure:3435: checking target system type
configure:3448: result: mipsallegrexel-psp-elf
configure:3496: checking how to run the C preprocessor
configure:3566: result: gcc -E
configure:3586: gcc -E  conftest.c
configure:3586: $? = 0
configure:3600: gcc -E  conftest.c
conftest.c:9:10: fatal error: ac_nonexistent.h: No such file or directory
    9 | #include <ac_nonexistent.h>
      |          ^~~~~~~~~~~~~~~~~~
compilation terminated.
configure:3600: $? = 1
configure: failed program was:
| /* confdefs.h */
| #define PACKAGE_NAME ""
| #define PACKAGE_TARNAME ""
| #define PACKAGE_VERSION ""
| #define PACKAGE_STRING ""
| #define PACKAGE_BUGREPORT ""
| #define PACKAGE_URL ""
| /* end confdefs.h.  */
| #include <ac_nonexistent.h>
configure:3629: checking for grep that handles long lines and -e
configure:3687: result: /usr/bin/grep
configure:3692: checking for egrep
configure:3754: result: /usr/bin/grep -E
configure:3759: checking for ANSI C header files
configure:3863: result: yes
configure:3876: checking for sys/types.h
configure:3876: result: yes
configure:3876: checking for sys/stat.h
configure:3876: result: yes
configure:3876: checking for stdlib.h
configure:3876: result: yes
configure:3876: checking for string.h
configure:3876: result: yes
configure:3876: checking for memory.h
configure:3876: result: yes
configure:3876: checking for strings.h
configure:3876: result: yes
configure:3876: checking for inttypes.h
configure:3876: result: yes
configure:3876: checking for stdint.h
configure:3876: result: yes
configure:3876: checking for unistd.h
configure:3876: result: yes
configure:3892: checking for stdlib.h
configure:3892: result: yes
configure:3892: checking for string.h
configure:3892: result: yes
configure:3892: checking for strings.h
configure:3892: result: yes
configure:3892: checking for sys/stat.h
configure:3892: result: yes
configure:3892: checking for sys/types.h
configure:3892: result: yes
configure:3892: checking for unistd.h
configure:3892: result: yes
configure:3906: checking for dirent.h that defines DIR
configure:3925: gcc -c -g -O2  conftest.c >&5
configure:3925: $? = 0
configure:3933: result: yes
configure:3947: checking for library containing opendir
configure:3978: gcc -o conftest -g -O2    conftest.c  >&5
configure:3978: $? = 0
configure:3995: result: none required
configure:4075: checking for x86_64-unknown-linux-gnu-ranlib
configure:4102: result: ranlib
configure:4226: updating cache .././config.cache
configure:4263: creating ./config.status

## ---------------------- ##
## Running config.status. ##
## ---------------------- ##

This file was extended by config.status, which was
generated by GNU Autoconf 2.64.  Invocation command line was

  CONFIG_FILES    = 
  CONFIG_HEADERS  = 
  CONFIG_LINKS    = 
  CONFIG_COMMANDS = 
  $ ./config.status 

on Tim-Arch

config.status:855: creating Makefile
config.status:855: creating config.h
config.status:1028: executing default commands

## ---------------- ##
## Cache variables. ##
## ---------------- ##

ac_cv_build=x86_64-unknown-linux-gnu
ac_cv_c_bigendian=no
ac_cv_c_compiler_gnu=yes
ac_cv_env_CC_set=set
ac_cv_env_CC_value=gcc
ac_cv_env_CFLAGS_set=set
ac_cv_env_CFLAGS_value='-g -O2'
ac_cv_env_CPPFLAGS_set=
ac_cv_env_CPPFLAGS_value=
ac_cv_env_CPP_set=
ac_cv_env_CPP_value=
ac_cv_env_LDFLAGS_set=set
ac_cv_env_LDFLAGS_value=' '
ac_cv_env_LIBS_set=
ac_cv_env_LIBS_value=
ac_cv_env_XMKMF_set=
ac_cv_env_XMKMF_value=
ac_cv_env_build_alias_set=set
ac_cv_env_build_alias_value=x86_64-unknown-linux-gnu
ac_cv_env_host_alias_set=set
ac_cv_env_host_alias_value=x86_64-unknown-linux-gnu
ac_cv_env_target_alias_set=set
ac_cv_env_target_alias_value=psp
ac_cv_func___setfpucw=no
ac_cv_func_aint=no
ac_cv_func_anint=no
ac_cv_func_ftruncate=yes
ac_cv_func_getrusage=yes
ac_cv_func_lstat=yes
ac_cv_func_mmap=yes
ac_cv_func_munmap=yes
ac_cv_func_posix_fallocate=yes
ac_cv_func_sigaction=yes
ac_cv_func_sqrt=yes
ac_cv_func_time=yes
ac_cv_func_truncate=yes
ac_cv_have_x='have_x=yes	ac_x_includes='\'''\''	ac_x_libraries='\'''\'''
ac_cv_header_dirent_dirent_h=yes
ac_cv_header_dlfcn_h=yes
ac_cv_header_errno_h=yes
ac_cv_header_fcntl_h=yes
ac_cv_header_fpu_control_h=yes
ac_cv_header_inttypes_h=yes
ac_cv_header_memory_h=yes
ac_cv_header_minix_config_h=no
ac_cv_header_stdc=yes
ac_cv_header_stdint_h=yes
ac_cv_header_stdlib_h=yes
ac_cv_header_string_h=yes
ac_cv_header_strings_h=yes
ac_cv_header_sys_mman_h=yes
ac_cv_header_sys_resource_h=yes
ac_cv_header_sys_stat_h=yes
ac_cv_header_sys_time_h=yes
ac_cv_header_sys_times_h=yes
ac_cv_header_sys_types_h=yes
ac_cv_header_time_h=yes
ac_cv_header_unistd_h=yes
ac_cv_header_zlib_h=yes
ac_cv_host=x86_64-unknown-linux-gnu
ac_cv_lib_m_fabs=yes
ac_cv_lib_m_log2=yes
ac_cv_lib_nsl_gethostbyname=yes
ac_cv_lib_socket_bind=no
ac_cv_member_struct_stat_st_atime=yes
ac_cv_member_struct_stat_st_blksize=yes
ac_cv_member_struct_stat_st_blocks=yes
ac_cv_member_struct_stat_st_ctime=yes
ac_cv_member_struct_stat_st_dev=yes
ac_cv_member_struct_stat_st_gid=yes
ac_cv_member_struct_stat_st_ino=yes
ac_cv_member_struct_stat_st_mode=yes
ac_cv_member_struct_stat_st_mtime=yes
ac_cv_member_struct_stat_st_nlink=yes
ac_cv_member_struct_stat_st_rdev=yes
ac_cv_member_struct_stat_st_size=yes
ac_cv_member_struct_stat_st_uid=yes
ac_cv_objext=o
ac_cv_path_EGREP='/usr/bin/grep -E'
ac_cv_path_GREP=/usr/bin/grep
ac_cv_prog_AR=ar
ac_cv_prog_CC=gcc
ac_cv_prog_CPP='gcc -E'
ac_cv_prog_MAKE=make
ac_cv_prog_RANLIB=ranlib
ac_cv_prog_cc_c89=
ac_cv_prog_cc_g=yes
ac_cv_safe_to_define___extensions__=yes
ac_cv_search_opendir='none required'
ac_cv_search_zlibVersion=-lz
ac_cv_target=mipsallegrexel-psp-elf
ac_cv_type_signal=void
ac_cv_type_socklen_t=yes
am_cv_CC_dependencies_compiler_type=gcc3

## ----------------- ##
## Output variables. ##
## ----------------- ##

AR='ar'
AR_FLAGS_FOR_BUILD='$(AR_FLAGS)'
AR_FOR_BUILD='$(AR)'
CC='gcc'
CC_FOR_BUILD='$(CC)'
CFLAGS='-g -O2'
CFLAGS_FOR_BUILD='$(CFLAGS)'
CPP='gcc -E'
CPPFLAGS=''
DEFS='-DHAVE_CONFIG_H'
ECHO_C=''
ECHO_N='-n'
ECHO_T=''
EGREP='/usr/bin/grep -E'
EXEEXT=''
GREP='/usr/bin/grep'
INSTALL_DATA='/usr/bin/install -c -m 644'
INSTALL_PROGRAM='/usr/bin/install -c'
INSTALL_SCRIPT='/usr/bin/install -c'
LDFLAGS=' '
LIBIBERTY_LIB='../../libiberty/libiberty.a'
LIBOBJS=''
LIBS=''
LTLIBOBJS=''
OBJEXT='o'
PACKAGE_BUGREPORT=''
PACKAGE_NAME=''
PACKAGE_STRING=''
PACKAGE_TARNAME=''
PACKAGE_URL=''
PACKAGE_VERSION=''
PATH_SEPARATOR=':'
RANLIB='ranlib'
RANLIB_FOR_BUILD='$(RANLIB)'
SHELL='/bin/sh'
WARN_CFLAGS=' -Wall -Wdeclaration-after-statement -Wpointer-arith -Wformat-nonliteral -Wno-pointer-sign -Wno-unused -Wunused-value -Wunused-function -Wno-switch -Wno-char-subscripts -Wmissing-prototypes'
WERROR_CFLAGS=''
ac_ct_CC=''
bindir='${exec_prefix}/bin'
build='x86_64-unknown-linux-gnu'
build_alias='x86_64-unknown-linux-gnu'
build_cpu='x86_64'
build_os='linux-gnu'
build_vendor='unknown'
datadir='${datarootdir}'
datarootdir='${prefix}/share'
docdir='${datarootdir}/doc/${PACKAGE}'
dvidir='${docdir}'
exec_prefix='${prefix}'
host='x86_64-unknown-linux-gnu'
host_alias='x86_64-unknown-linux-gnu'
host_cpu='x86_64'
host_os='linux-gnu'
host_vendor='unknown'
htmldir='${docdir}'
includedir='${prefix}/include'
infodir='${datarootdir}/info'
libdir='${exec_prefix}/lib'
libexecdir='${exec_prefix}/libexec'
localedir='${datarootdir}/locale'
localstatedir='${prefix}/var'
mandir='${datarootdir}/man'
oldincludedir='/usr/include'
pdfdir='${docdir}'
prefix='/usr/local/pspdev'
program_transform_name='s&^&psp-&'
psdir='${docdir}'
sbindir='${exec_prefix}/sbin'
sharedstatedir='${prefix}/com'
sim_alignment=''
sim_assert=''
sim_bitsize=''
sim_default_model=''
sim_endian=''
sim_environment=''
sim_float=''
sim_hostendian=''
sim_hw=''
sim_hw_cflags=''
sim_hw_objs=''
sim_inline='-DDEFAULT_INLINE=0'
sim_packages=''
sim_regparm=''
sim_reserved_bits=''
sim_scache=''
sim_smp=''
sim_stdcall=''
sim_xor_endian=''
sysconfdir='${prefix}/etc'
target='mipsallegrexel-psp-elf'
target_alias='psp'
target_cpu='mipsallegrexel'
target_os='elf'
target_vendor='psp'

## ----------- ##
## confdefs.h. ##
## ----------- ##

/* confdefs.h */
#define PACKAGE_NAME ""
#define PACKAGE_TARNAME ""
#define PACKAGE_VERSION ""
#define PACKAGE_STRING ""
#define PACKAGE_BUGREPORT ""
#define PACKAGE_URL ""
#define STDC_HEADERS 1
#define HAVE_SYS_TYPES_H 1
#define HAVE_SYS_STAT_H 1
#define HAVE_STDLIB_H 1
#define HAVE_STRING_H 1
#define HAVE_MEMORY_H 1
#define HAVE_STRINGS_H 1
#define HAVE_INTTYPES_H 1
#define HAVE_STDINT_H 1
#define HAVE_UNISTD_H 1
#define HAVE_STDLIB_H 1
#define HAVE_STRING_H 1
#define HAVE_STRINGS_H 1
#define HAVE_SYS_STAT_H 1
#define HAVE_SYS_TYPES_H 1
#define HAVE_UNISTD_H 1
#define HAVE_DIRENT_H 1

configure: exit 0
